Flow report for single_cycle
Thu Jan 13 20:59:05 2022
Quartus Prime Version 17.1.0 Build 590 10/25/2017 SJ Lite Edition


---------------------
; Table of Contents ;
---------------------
  1. Legal Notice
  2. Flow Summary
  3. Flow Settings
  4. Flow Non-Default Global Settings
  5. Flow Elapsed Time
  6. Flow OS Summary
  7. Flow Log
  8. Flow Messages
  9. Flow Suppressed Messages



----------------
; Legal Notice ;
----------------
Copyright (C) 2017  Intel Corporation. All rights reserved.
Your use of Intel Corporation's design tools, logic functions 
and other software and tools, and its AMPP partner logic 
functions, and any output files from any of the foregoing 
(including device programming or simulation files), and any 
associated documentation or information are expressly subject 
to the terms and conditions of the Intel Program License 
Subscription Agreement, the Intel Quartus Prime License Agreement,
the Intel FPGA IP License Agreement, or other applicable license
agreement, including, without limitation, that your use is for
the sole purpose of programming logic devices manufactured by
Intel and sold by Intel or its authorized distributors.  Please
refer to the applicable agreement for further details.



+----------------------------------------------------------------------------------+
; Flow Summary                                                                     ;
+------------------------------------+---------------------------------------------+
; Flow Status                        ; Successful - Thu Jan 13 20:59:01 2022       ;
; Quartus Prime Version              ; 17.1.0 Build 590 10/25/2017 SJ Lite Edition ;
; Revision Name                      ; single_cycle                                ;
; Top-level Entity Name              ; golden_model_core                           ;
; Family                             ; Cyclone IV E                                ;
; Device                             ; EP4CE115F29C7                               ;
; Timing Models                      ; Final                                       ;
; Total logic elements               ; 0 / 114,480 ( 0 % )                         ;
;     Total combinational functions  ; 0 / 114,480 ( 0 % )                         ;
;     Dedicated logic registers      ; 0 / 114,480 ( 0 % )                         ;
; Total registers                    ; 0                                           ;
; Total pins                         ; 2 / 529 ( < 1 % )                           ;
; Total virtual pins                 ; 0                                           ;
; Total memory bits                  ; 0 / 3,981,312 ( 0 % )                       ;
; Embedded Multiplier 9-bit elements ; 0 / 532 ( 0 % )                             ;
; Total PLLs                         ; 0 / 4 ( 0 % )                               ;
+------------------------------------+---------------------------------------------+


+-----------------------------------------+
; Flow Settings                           ;
+-------------------+---------------------+
; Option            ; Setting             ;
+-------------------+---------------------+
; Start date & time ; 01/13/2022 20:58:33 ;
; Main task         ; Compilation         ;
; Revision Name     ; single_cycle        ;
+-------------------+---------------------+


+-------------------------------------------------------------------------------------------------------------------------------+
; Flow Non-Default Global Settings                                                                                              ;
+-------------------------------------+----------------------------------------+---------------+-------------------+------------+
; Assignment Name                     ; Value                                  ; Default Value ; Entity Name       ; Section Id ;
+-------------------------------------+----------------------------------------+---------------+-------------------+------------+
; COMPILER_SIGNATURE_ID               ; 929340715879.164210391314408           ; --            ; --                ; --         ;
; MAX_CORE_JUNCTION_TEMP              ; 85                                     ; --            ; --                ; --         ;
; MIN_CORE_JUNCTION_TEMP              ; 0                                      ; --            ; --                ; --         ;
; NOMINAL_CORE_SUPPLY_VOLTAGE         ; 1.2V                                   ; --            ; --                ; --         ;
; PARTITION_COLOR                     ; -- (Not supported for targeted family) ; --            ; golden_model_core ; Top        ;
; PARTITION_FITTER_PRESERVATION_LEVEL ; -- (Not supported for targeted family) ; --            ; golden_model_core ; Top        ;
; PARTITION_NETLIST_TYPE              ; -- (Not supported for targeted family) ; --            ; golden_model_core ; Top        ;
; PROJECT_OUTPUT_DIRECTORY            ; output_files                           ; --            ; --                ; --         ;
; TOP_LEVEL_ENTITY                    ; golden_model_core                      ; single_cycle  ; --                ; --         ;
+-------------------------------------+----------------------------------------+---------------+-------------------+------------+


+-------------------------------------------------------------------------------------------------------------------------------+
; Flow Elapsed Time                                                                                                             ;
+---------------------------+--------------+-------------------------+---------------------+------------------------------------+
; Module Name               ; Elapsed Time ; Average Processors Used ; Peak Virtual Memory ; Total CPU Time (on all processors) ;
+---------------------------+--------------+-------------------------+---------------------+------------------------------------+
; Analysis & Synthesis      ; 00:00:13     ; 1.0                     ; 4731 MB             ; 00:00:26                           ;
; Fitter                    ; 00:00:10     ; 1.0                     ; 5823 MB             ; 00:00:17                           ;
; Assembler                 ; 00:00:04     ; 1.0                     ; 4682 MB             ; 00:00:03                           ;
; TimeQuest Timing Analyzer ; 00:00:03     ; 1.0                     ; 4867 MB             ; 00:00:02                           ;
; Total                     ; 00:00:30     ; --                      ; --                  ; 00:00:48                           ;
+---------------------------+--------------+-------------------------+---------------------+------------------------------------+


+-----------------------------------------------------------------------------------------+
; Flow OS Summary                                                                         ;
+---------------------------+------------------+------------+------------+----------------+
; Module Name               ; Machine Hostname ; OS Name    ; OS Version ; Processor type ;
+---------------------------+------------------+------------+------------+----------------+
; Analysis & Synthesis      ; VIVAP            ; Windows 10 ; 10.0       ; x86_64         ;
; Fitter                    ; VIVAP            ; Windows 10 ; 10.0       ; x86_64         ;
; Assembler                 ; VIVAP            ; Windows 10 ; 10.0       ; x86_64         ;
; TimeQuest Timing Analyzer ; VIVAP            ; Windows 10 ; 10.0       ; x86_64         ;
+---------------------------+------------------+------------+------------+----------------+


------------
; Flow Log ;
------------
quartus_map --read_settings_files=on --write_settings_files=off single_cycle -c single_cycle
quartus_fit --read_settings_files=off --write_settings_files=off single_cycle -c single_cycle
quartus_asm --read_settings_files=off --write_settings_files=off single_cycle -c single_cycle
quartus_sta single_cycle -c single_cycle



