Analysis & Synthesis report for single_cycle
Thu Jan 13 20:58:44 2022
Quartus Prime Version 17.1.0 Build 590 10/25/2017 SJ Lite Edition


---------------------
; Table of Contents ;
---------------------
  1. Legal Notice
  2. Analysis & Synthesis Summary
  3. Analysis & Synthesis Settings
  4. Parallel Compilation
  5. Analysis & Synthesis Source Files Read
  6. Analysis & Synthesis Resource Usage Summary
  7. Analysis & Synthesis Resource Utilization by Entity
  8. General Register Statistics
  9. Parameter Settings for User Entity Instance: Top-level Entity: |golden_model_core
 10. Parameter Settings for User Entity Instance: ADDER:ADDER_SUM
 11. Parameter Settings for User Entity Instance: ADDER:ADDER_PC
 12. Parameter Settings for User Entity Instance: mux_2_input:mux_pc
 13. Parameter Settings for User Entity Instance: PC:PC
 14. Parameter Settings for User Entity Instance: memory:data_memory
 15. Parameter Settings for User Entity Instance: memory:instruction_memory
 16. Parameter Settings for User Entity Instance: mux_3_input:mux_alu1
 17. Parameter Settings for User Entity Instance: mux_2_input:mux_alu2
 18. Parameter Settings for User Entity Instance: mux_2_input:mux_mem
 19. Parameter Settings for User Entity Instance: register_bank:register_bank
 20. Parameter Settings for User Entity Instance: imm_gen:imm_gen
 21. Port Connectivity Checks: "main_controller:controller"
 22. Port Connectivity Checks: "register_bank:register_bank"
 23. Port Connectivity Checks: "mux_3_input:mux_alu1"
 24. Port Connectivity Checks: "memory:instruction_memory"
 25. Port Connectivity Checks: "ALU:ALU"
 26. Port Connectivity Checks: "ADDER:ADDER_PC"
 27. Post-Synthesis Netlist Statistics for Top Partition
 28. Elapsed Time Per Partition
 29. Analysis & Synthesis Messages
 30. Analysis & Synthesis Suppressed Messages



----------------
; Legal Notice ;
----------------
Copyright (C) 2017  Intel Corporation. All rights reserved.
Your use of Intel Corporation's design tools, logic functions 
and other software and tools, and its AMPP partner logic 
functions, and any output files from any of the foregoing 
(including device programming or simulation files), and any 
associated documentation or information are expressly subject 
to the terms and conditions of the Intel Program License 
Subscription Agreement, the Intel Quartus Prime License Agreement,
the Intel FPGA IP License Agreement, or other applicable license
agreement, including, without limitation, that your use is for
the sole purpose of programming logic devices manufactured by
Intel and sold by Intel or its authorized distributors.  Please
refer to the applicable agreement for further details.



+----------------------------------------------------------------------------------+
; Analysis & Synthesis Summary                                                     ;
+------------------------------------+---------------------------------------------+
; Analysis & Synthesis Status        ; Successful - Thu Jan 13 20:58:44 2022       ;
; Quartus Prime Version              ; 17.1.0 Build 590 10/25/2017 SJ Lite Edition ;
; Revision Name                      ; single_cycle                                ;
; Top-level Entity Name              ; golden_model_core                           ;
; Family                             ; Cyclone IV E                                ;
; Total logic elements               ; 0                                           ;
;     Total combinational functions  ; 0                                           ;
;     Dedicated logic registers      ; 0                                           ;
; Total registers                    ; 0                                           ;
; Total pins                         ; 2                                           ;
; Total virtual pins                 ; 0                                           ;
; Total memory bits                  ; 0                                           ;
; Embedded Multiplier 9-bit elements ; 0                                           ;
; Total PLLs                         ; 0                                           ;
+------------------------------------+---------------------------------------------+


+----------------------------------------------------------------------------------------------------------------------+
; Analysis & Synthesis Settings                                                                                        ;
+----------------------------------------------------------------------------+--------------------+--------------------+
; Option                                                                     ; Setting            ; Default Value      ;
+----------------------------------------------------------------------------+--------------------+--------------------+
; Device                                                                     ; EP4CE115F29C7      ;                    ;
; Top-level entity name                                                      ; golden_model_core  ; single_cycle       ;
; Family name                                                                ; Cyclone IV E       ; Cyclone V          ;
; Use smart compilation                                                      ; Off                ; Off                ;
; Enable parallel Assembler and TimeQuest Timing Analyzer during compilation ; On                 ; On                 ;
; Enable compact report table                                                ; Off                ; Off                ;
; Restructure Multiplexers                                                   ; Auto               ; Auto               ;
; Create Debugging Nodes for IP Cores                                        ; Off                ; Off                ;
; Preserve fewer node names                                                  ; On                 ; On                 ;
; Intel FPGA IP Evaluation Mode                                              ; Enable             ; Enable             ;
; Verilog Version                                                            ; Verilog_2001       ; Verilog_2001       ;
; VHDL Version                                                               ; VHDL_1993          ; VHDL_1993          ;
; State Machine Processing                                                   ; Auto               ; Auto               ;
; Safe State Machine                                                         ; Off                ; Off                ;
; Extract Verilog State Machines                                             ; On                 ; On                 ;
; Extract VHDL State Machines                                                ; On                 ; On                 ;
; Ignore Verilog initial constructs                                          ; Off                ; Off                ;
; Iteration limit for constant Verilog loops                                 ; 5000               ; 5000               ;
; Iteration limit for non-constant Verilog loops                             ; 250                ; 250                ;
; Add Pass-Through Logic to Inferred RAMs                                    ; On                 ; On                 ;
; Infer RAMs from Raw Logic                                                  ; On                 ; On                 ;
; Parallel Synthesis                                                         ; On                 ; On                 ;
; DSP Block Balancing                                                        ; Auto               ; Auto               ;
; NOT Gate Push-Back                                                         ; On                 ; On                 ;
; Power-Up Don't Care                                                        ; On                 ; On                 ;
; Remove Redundant Logic Cells                                               ; Off                ; Off                ;
; Remove Duplicate Registers                                                 ; On                 ; On                 ;
; Ignore CARRY Buffers                                                       ; Off                ; Off                ;
; Ignore CASCADE Buffers                                                     ; Off                ; Off                ;
; Ignore GLOBAL Buffers                                                      ; Off                ; Off                ;
; Ignore ROW GLOBAL Buffers                                                  ; Off                ; Off                ;
; Ignore LCELL Buffers                                                       ; Off                ; Off                ;
; Ignore SOFT Buffers                                                        ; On                 ; On                 ;
; Limit AHDL Integers to 32 Bits                                             ; Off                ; Off                ;
; Optimization Technique                                                     ; Balanced           ; Balanced           ;
; Carry Chain Length                                                         ; 70                 ; 70                 ;
; Auto Carry Chains                                                          ; On                 ; On                 ;
; Auto Open-Drain Pins                                                       ; On                 ; On                 ;
; Perform WYSIWYG Primitive Resynthesis                                      ; Off                ; Off                ;
; Auto ROM Replacement                                                       ; On                 ; On                 ;
; Auto RAM Replacement                                                       ; On                 ; On                 ;
; Auto DSP Block Replacement                                                 ; On                 ; On                 ;
; Auto Shift Register Replacement                                            ; Auto               ; Auto               ;
; Allow Shift Register Merging across Hierarchies                            ; Auto               ; Auto               ;
; Auto Clock Enable Replacement                                              ; On                 ; On                 ;
; Strict RAM Replacement                                                     ; Off                ; Off                ;
; Allow Synchronous Control Signals                                          ; On                 ; On                 ;
; Force Use of Synchronous Clear Signals                                     ; Off                ; Off                ;
; Auto RAM Block Balancing                                                   ; On                 ; On                 ;
; Auto RAM to Logic Cell Conversion                                          ; Off                ; Off                ;
; Auto Resource Sharing                                                      ; Off                ; Off                ;
; Allow Any RAM Size For Recognition                                         ; Off                ; Off                ;
; Allow Any ROM Size For Recognition                                         ; Off                ; Off                ;
; Allow Any Shift Register Size For Recognition                              ; Off                ; Off                ;
; Use LogicLock Constraints during Resource Balancing                        ; On                 ; On                 ;
; Ignore translate_off and synthesis_off directives                          ; Off                ; Off                ;
; Timing-Driven Synthesis                                                    ; On                 ; On                 ;
; Report Parameter Settings                                                  ; On                 ; On                 ;
; Report Source Assignments                                                  ; On                 ; On                 ;
; Report Connectivity Checks                                                 ; On                 ; On                 ;
; Ignore Maximum Fan-Out Assignments                                         ; Off                ; Off                ;
; Synchronization Register Chain Length                                      ; 2                  ; 2                  ;
; Power Optimization During Synthesis                                        ; Normal compilation ; Normal compilation ;
; HDL message level                                                          ; Level2             ; Level2             ;
; Suppress Register Optimization Related Messages                            ; Off                ; Off                ;
; Number of Removed Registers Reported in Synthesis Report                   ; 5000               ; 5000               ;
; Number of Swept Nodes Reported in Synthesis Report                         ; 5000               ; 5000               ;
; Number of Inverted Registers Reported in Synthesis Report                  ; 100                ; 100                ;
; Clock MUX Protection                                                       ; On                 ; On                 ;
; Auto Gated Clock Conversion                                                ; Off                ; Off                ;
; Block Design Naming                                                        ; Auto               ; Auto               ;
; SDC constraint protection                                                  ; Off                ; Off                ;
; Synthesis Effort                                                           ; Auto               ; Auto               ;
; Shift Register Replacement - Allow Asynchronous Clear Signal               ; On                 ; On                 ;
; Pre-Mapping Resynthesis Optimization                                       ; Off                ; Off                ;
; Analysis & Synthesis Message Level                                         ; Medium             ; Medium             ;
; Disable Register Merging Across Hierarchies                                ; Auto               ; Auto               ;
; Resource Aware Inference For Block RAM                                     ; On                 ; On                 ;
+----------------------------------------------------------------------------+--------------------+--------------------+


+------------------------------------------+
; Parallel Compilation                     ;
+----------------------------+-------------+
; Processors                 ; Number      ;
+----------------------------+-------------+
; Number detected on machine ; 12          ;
; Maximum allowed            ; 6           ;
;                            ;             ;
; Average used               ; 1.00        ;
; Maximum used               ; 1           ;
;                            ;             ;
; Usage by Processor         ; % Time Used ;
;     Processor 1            ; 100.0%      ;
+----------------------------+-------------+


+------------------------------------------------------------------------------------------------------------------------------------------------------------------------------------------------------------------------------------------------------------------------------------------------------------------------+
; Analysis & Synthesis Source Files Read                                                                                                                                                                                                                                                                                 ;
+--------------------------------------------------------------------------------------------------------------+-----------------+------------------------------+----------------------------------------------------------------------------------------------------------------------------------------------+---------+
; File Name with User-Entered Path                                                                             ; Used in Netlist ; File Type                    ; File Name with Absolute Path                                                                                                                 ; Library ;
+--------------------------------------------------------------------------------------------------------------+-----------------+------------------------------+----------------------------------------------------------------------------------------------------------------------------------------------+---------+
; ../UPV/3 TELECO/A/ISDIGI/ISDIGI-Projects/Practica 3 - RISC V/Core/Design/Controllers/main_controller.sv      ; yes             ; User SystemVerilog HDL File  ; C:/Users/ivanv/OneDrive/Escritorio/UPV/3 TELECO/A/ISDIGI/ISDIGI-Projects/Practica 3 - RISC V/Core/Design/Controllers/main_controller.sv      ;         ;
; ../UPV/3 TELECO/A/ISDIGI/ISDIGI-Projects/Practica 3 - RISC V/Core/Design/Controllers/alu_controller.sv       ; yes             ; User SystemVerilog HDL File  ; C:/Users/ivanv/OneDrive/Escritorio/UPV/3 TELECO/A/ISDIGI/ISDIGI-Projects/Practica 3 - RISC V/Core/Design/Controllers/alu_controller.sv       ;         ;
; ../UPV/3 TELECO/A/ISDIGI/ISDIGI-Projects/Practica 3 - RISC V/Core/Design/Basic Components/register_bank.sv   ; yes             ; User SystemVerilog HDL File  ; C:/Users/ivanv/OneDrive/Escritorio/UPV/3 TELECO/A/ISDIGI/ISDIGI-Projects/Practica 3 - RISC V/Core/Design/Basic Components/register_bank.sv   ;         ;
; ../UPV/3 TELECO/A/ISDIGI/ISDIGI-Projects/Practica 3 - RISC V/Core/Design/Basic Components/mux_3_input.sv     ; yes             ; User SystemVerilog HDL File  ; C:/Users/ivanv/OneDrive/Escritorio/UPV/3 TELECO/A/ISDIGI/ISDIGI-Projects/Practica 3 - RISC V/Core/Design/Basic Components/mux_3_input.sv     ;         ;
; ../UPV/3 TELECO/A/ISDIGI/ISDIGI-Projects/Practica 3 - RISC V/Core/Design/Basic Components/mux_2_input.sv     ; yes             ; User SystemVerilog HDL File  ; C:/Users/ivanv/OneDrive/Escritorio/UPV/3 TELECO/A/ISDIGI/ISDIGI-Projects/Practica 3 - RISC V/Core/Design/Basic Components/mux_2_input.sv     ;         ;
; ../UPV/3 TELECO/A/ISDIGI/ISDIGI-Projects/Practica 3 - RISC V/Core/Design/Basic Components/memory.sv          ; yes             ; User SystemVerilog HDL File  ; C:/Users/ivanv/OneDrive/Escritorio/UPV/3 TELECO/A/ISDIGI/ISDIGI-Projects/Practica 3 - RISC V/Core/Design/Basic Components/memory.sv          ;         ;
; ../UPV/3 TELECO/A/ISDIGI/ISDIGI-Projects/Practica 3 - RISC V/Core/Design/Basic Components/jump_controller.sv ; yes             ; User SystemVerilog HDL File  ; C:/Users/ivanv/OneDrive/Escritorio/UPV/3 TELECO/A/ISDIGI/ISDIGI-Projects/Practica 3 - RISC V/Core/Design/Basic Components/jump_controller.sv ;         ;
; ../UPV/3 TELECO/A/ISDIGI/ISDIGI-Projects/Practica 3 - RISC V/Core/Design/Basic Components/immgen.sv          ; yes             ; User SystemVerilog HDL File  ; C:/Users/ivanv/OneDrive/Escritorio/UPV/3 TELECO/A/ISDIGI/ISDIGI-Projects/Practica 3 - RISC V/Core/Design/Basic Components/immgen.sv          ;         ;
; ../UPV/3 TELECO/A/ISDIGI/ISDIGI-Projects/Practica 3 - RISC V/Core/Design/Basic Components/ALU.sv             ; yes             ; User SystemVerilog HDL File  ; C:/Users/ivanv/OneDrive/Escritorio/UPV/3 TELECO/A/ISDIGI/ISDIGI-Projects/Practica 3 - RISC V/Core/Design/Basic Components/ALU.sv             ;         ;
; ../UPV/3 TELECO/A/ISDIGI/ISDIGI-Projects/Practica 3 - RISC V/Core/Design/Basic Components/ADDER.sv           ; yes             ; User SystemVerilog HDL File  ; C:/Users/ivanv/OneDrive/Escritorio/UPV/3 TELECO/A/ISDIGI/ISDIGI-Projects/Practica 3 - RISC V/Core/Design/Basic Components/ADDER.sv           ;         ;
; ../UPV/3 TELECO/A/ISDIGI/ISDIGI-Projects/Practica 3 - RISC V/Core/Design/Golden Components/pc_golden.sv      ; yes             ; User SystemVerilog HDL File  ; C:/Users/ivanv/OneDrive/Escritorio/UPV/3 TELECO/A/ISDIGI/ISDIGI-Projects/Practica 3 - RISC V/Core/Design/Golden Components/pc_golden.sv      ;         ;
; ../UPV/3 TELECO/A/ISDIGI/ISDIGI-Projects/Practica 3 - RISC V/Core/Design/golden_model_core.sv                ; yes             ; User SystemVerilog HDL File  ; C:/Users/ivanv/OneDrive/Escritorio/UPV/3 TELECO/A/ISDIGI/ISDIGI-Projects/Practica 3 - RISC V/Core/Design/golden_model_core.sv                ;         ;
+--------------------------------------------------------------------------------------------------------------+-----------------+------------------------------+----------------------------------------------------------------------------------------------------------------------------------------------+---------+


+-----------------------------------------------------+
; Analysis & Synthesis Resource Usage Summary         ;
+---------------------------------------------+-------+
; Resource                                    ; Usage ;
+---------------------------------------------+-------+
;                                             ;       ;
; Total combinational functions               ; 0     ;
; Logic element usage by number of LUT inputs ;       ;
;     -- 4 input functions                    ; 0     ;
;     -- 3 input functions                    ; 0     ;
;     -- <=2 input functions                  ; 0     ;
;                                             ;       ;
; Logic elements by mode                      ;       ;
;     -- normal mode                          ; 0     ;
;     -- arithmetic mode                      ; 0     ;
;                                             ;       ;
; Total registers                             ; 0     ;
;     -- Dedicated logic registers            ; 0     ;
;     -- I/O registers                        ; 0     ;
;                                             ;       ;
; I/O pins                                    ; 2     ;
;                                             ;       ;
; Embedded Multiplier 9-bit elements          ; 0     ;
;                                             ;       ;
; Maximum fan-out node                        ; clk   ;
; Maximum fan-out                             ; 1     ;
; Total fan-out                               ; 2     ;
; Average fan-out                             ; 0.50  ;
+---------------------------------------------+-------+


+----------------------------------------------------------------------------------------------------------------------------------------------------------------------------------------------------------------+
; Analysis & Synthesis Resource Utilization by Entity                                                                                                                                                            ;
+----------------------------+---------------------+---------------------------+-------------+--------------+---------+-----------+------+--------------+---------------------+-------------------+--------------+
; Compilation Hierarchy Node ; Combinational ALUTs ; Dedicated Logic Registers ; Memory Bits ; DSP Elements ; DSP 9x9 ; DSP 18x18 ; Pins ; Virtual Pins ; Full Hierarchy Name ; Entity Name       ; Library Name ;
+----------------------------+---------------------+---------------------------+-------------+--------------+---------+-----------+------+--------------+---------------------+-------------------+--------------+
; |golden_model_core         ; 0 (0)               ; 0 (0)                     ; 0           ; 0            ; 0       ; 0         ; 2    ; 0            ; |golden_model_core  ; golden_model_core ; work         ;
+----------------------------+---------------------+---------------------------+-------------+--------------+---------+-----------+------+--------------+---------------------+-------------------+--------------+
Note: For table entries with two numbers listed, the numbers in parentheses indicate the number of resources of the given type used by the specific entity alone. The numbers listed outside of parentheses indicate the total resources of the given type used by the specific entity and all of its sub-entities in the hierarchy.


+------------------------------------------------------+
; General Register Statistics                          ;
+----------------------------------------------+-------+
; Statistic                                    ; Value ;
+----------------------------------------------+-------+
; Total registers                              ; 0     ;
; Number of registers using Synchronous Clear  ; 0     ;
; Number of registers using Synchronous Load   ; 0     ;
; Number of registers using Asynchronous Clear ; 0     ;
; Number of registers using Asynchronous Load  ; 0     ;
; Number of registers using Clock Enable       ; 0     ;
; Number of registers using Preset             ; 0     ;
+----------------------------------------------+-------+


+-----------------------------------------------------------------------------------+
; Parameter Settings for User Entity Instance: Top-level Entity: |golden_model_core ;
+---------------------+-------+-----------------------------------------------------+
; Parameter Name      ; Value ; Type                                                ;
+---------------------+-------+-----------------------------------------------------+
; data_bits           ; 32    ; Signed Integer                                      ;
; memory_size         ; 1024  ; Signed Integer                                      ;
; memory_address_bits ; 10    ; Signed Integer                                      ;
; program_file        ;       ; String                                              ;
+---------------------+-------+-----------------------------------------------------+
Note: In order to hide this table in the UI and the text report file, please set the "Show Parameter Settings in Synthesis Report" option in "Analysis and Synthesis Settings -> More Settings" to "Off".


+--------------------------------------------------------------+
; Parameter Settings for User Entity Instance: ADDER:ADDER_SUM ;
+----------------+-------+-------------------------------------+
; Parameter Name ; Value ; Type                                ;
+----------------+-------+-------------------------------------+
; size           ; 32    ; Signed Integer                      ;
+----------------+-------+-------------------------------------+
Note: In order to hide this table in the UI and the text report file, please set the "Show Parameter Settings in Synthesis Report" option in "Analysis and Synthesis Settings -> More Settings" to "Off".


+-------------------------------------------------------------+
; Parameter Settings for User Entity Instance: ADDER:ADDER_PC ;
+----------------+-------+------------------------------------+
; Parameter Name ; Value ; Type                               ;
+----------------+-------+------------------------------------+
; size           ; 32    ; Signed Integer                     ;
+----------------+-------+------------------------------------+
Note: In order to hide this table in the UI and the text report file, please set the "Show Parameter Settings in Synthesis Report" option in "Analysis and Synthesis Settings -> More Settings" to "Off".


+-----------------------------------------------------------------+
; Parameter Settings for User Entity Instance: mux_2_input:mux_pc ;
+----------------+-------+----------------------------------------+
; Parameter Name ; Value ; Type                                   ;
+----------------+-------+----------------------------------------+
; size           ; 32    ; Signed Integer                         ;
+----------------+-------+----------------------------------------+
Note: In order to hide this table in the UI and the text report file, please set the "Show Parameter Settings in Synthesis Report" option in "Analysis and Synthesis Settings -> More Settings" to "Off".


+----------------------------------------------------+
; Parameter Settings for User Entity Instance: PC:PC ;
+----------------+-------+---------------------------+
; Parameter Name ; Value ; Type                      ;
+----------------+-------+---------------------------+
; size           ; 32    ; Signed Integer            ;
+----------------+-------+---------------------------+
Note: In order to hide this table in the UI and the text report file, please set the "Show Parameter Settings in Synthesis Report" option in "Analysis and Synthesis Settings -> More Settings" to "Off".


+-------------------------------------------------------------------------+
; Parameter Settings for User Entity Instance: memory:data_memory         ;
+----------------+--------------------------------------+-----------------+
; Parameter Name ; Value                                ; Type            ;
+----------------+--------------------------------------+-----------------+
; sintetizable   ; 1                                    ; Unsigned Binary ;
; size           ; 1024                                 ; Signed Integer  ;
; input_file     ; ../Testing/Programs/Simple/R/ADD.mem ; String          ;
; charge_file    ; 0                                    ; Unsigned Binary ;
; bits           ; 10                                   ; Signed Integer  ;
+----------------+--------------------------------------+-----------------+
Note: In order to hide this table in the UI and the text report file, please set the "Show Parameter Settings in Synthesis Report" option in "Analysis and Synthesis Settings -> More Settings" to "Off".


+------------------------------------------------------------------------+
; Parameter Settings for User Entity Instance: memory:instruction_memory ;
+----------------+-------+-----------------------------------------------+
; Parameter Name ; Value ; Type                                          ;
+----------------+-------+-----------------------------------------------+
; sintetizable   ; 1     ; Unsigned Binary                               ;
; size           ; 1024  ; Signed Integer                                ;
; input_file     ;       ; String                                        ;
; charge_file    ; 1     ; Unsigned Binary                               ;
; bits           ; 10    ; Signed Integer                                ;
+----------------+-------+-----------------------------------------------+
Note: In order to hide this table in the UI and the text report file, please set the "Show Parameter Settings in Synthesis Report" option in "Analysis and Synthesis Settings -> More Settings" to "Off".


+-------------------------------------------------------------------+
; Parameter Settings for User Entity Instance: mux_3_input:mux_alu1 ;
+----------------+-------+------------------------------------------+
; Parameter Name ; Value ; Type                                     ;
+----------------+-------+------------------------------------------+
; size           ; 32    ; Signed Integer                           ;
+----------------+-------+------------------------------------------+
Note: In order to hide this table in the UI and the text report file, please set the "Show Parameter Settings in Synthesis Report" option in "Analysis and Synthesis Settings -> More Settings" to "Off".


+-------------------------------------------------------------------+
; Parameter Settings for User Entity Instance: mux_2_input:mux_alu2 ;
+----------------+-------+------------------------------------------+
; Parameter Name ; Value ; Type                                     ;
+----------------+-------+------------------------------------------+
; size           ; 32    ; Signed Integer                           ;
+----------------+-------+------------------------------------------+
Note: In order to hide this table in the UI and the text report file, please set the "Show Parameter Settings in Synthesis Report" option in "Analysis and Synthesis Settings -> More Settings" to "Off".


+------------------------------------------------------------------+
; Parameter Settings for User Entity Instance: mux_2_input:mux_mem ;
+----------------+-------+-----------------------------------------+
; Parameter Name ; Value ; Type                                    ;
+----------------+-------+-----------------------------------------+
; size           ; 32    ; Signed Integer                          ;
+----------------+-------+-----------------------------------------+
Note: In order to hide this table in the UI and the text report file, please set the "Show Parameter Settings in Synthesis Report" option in "Analysis and Synthesis Settings -> More Settings" to "Off".


+--------------------------------------------------------------------------+
; Parameter Settings for User Entity Instance: register_bank:register_bank ;
+----------------+-------+-------------------------------------------------+
; Parameter Name ; Value ; Type                                            ;
+----------------+-------+-------------------------------------------------+
; sintetizable   ; 1     ; Unsigned Binary                                 ;
+----------------+-------+-------------------------------------------------+
Note: In order to hide this table in the UI and the text report file, please set the "Show Parameter Settings in Synthesis Report" option in "Analysis and Synthesis Settings -> More Settings" to "Off".


+--------------------------------------------------------------+
; Parameter Settings for User Entity Instance: imm_gen:imm_gen ;
+----------------+-------+-------------------------------------+
; Parameter Name ; Value ; Type                                ;
+----------------+-------+-------------------------------------+
; size           ; 32    ; Signed Integer                      ;
+----------------+-------+-------------------------------------+
Note: In order to hide this table in the UI and the text report file, please set the "Show Parameter Settings in Synthesis Report" option in "Analysis and Synthesis Settings -> More Settings" to "Off".


+--------------------------------------------------------------------------------------------------------------------------------------------------------------------------------------+
; Port Connectivity Checks: "main_controller:controller"                                                                                                                               ;
+-------------------+--------+----------+----------------------------------------------------------------------------------------------------------------------------------------------+
; Port              ; Type   ; Severity ; Details                                                                                                                                      ;
+-------------------+--------+----------+----------------------------------------------------------------------------------------------------------------------------------------------+
; AuipcLui          ; Output ; Info     ; Connected to dangling logic. Logic that only feeds a dangling port will be removed.                                                          ;
; hazard_mux_enable ; Input  ; Warning  ; Declared by entity but not connected by instance. If a default value exists, it will be used.  Otherwise, the port will be connected to GND. ;
+-------------------+--------+----------+----------------------------------------------------------------------------------------------------------------------------------------------+


+-------------------------------------------------------------------------------------------------------------------------------------------------------------------------------+
; Port Connectivity Checks: "register_bank:register_bank"                                                                                                                       ;
+-------------+-------+----------+----------------------------------------------------------------------------------------------------------------------------------------------+
; Port        ; Type  ; Severity ; Details                                                                                                                                      ;
+-------------+-------+----------+----------------------------------------------------------------------------------------------------------------------------------------------+
; charge_file ; Input ; Warning  ; Declared by entity but not connected by instance. If a default value exists, it will be used.  Otherwise, the port will be connected to GND. ;
+-------------+-------+----------+----------------------------------------------------------------------------------------------------------------------------------------------+


+--------------------------------------------------+
; Port Connectivity Checks: "mux_3_input:mux_alu1" ;
+------------+-------+----------+------------------+
; Port       ; Type  ; Severity ; Details          ;
+------------+-------+----------+------------------+
; input1     ; Input ; Info     ; Stuck at GND     ;
; control[1] ; Input ; Info     ; Stuck at VCC     ;
; control[0] ; Input ; Info     ; Stuck at GND     ;
+------------+-------+----------+------------------+


+-------------------------------------------------------+
; Port Connectivity Checks: "memory:instruction_memory" ;
+---------------+-------+----------+--------------------+
; Port          ; Type  ; Severity ; Details            ;
+---------------+-------+----------+--------------------+
; clk           ; Input ; Info     ; Stuck at GND       ;
; write_enable  ; Input ; Info     ; Stuck at GND       ;
; read_enable   ; Input ; Info     ; Stuck at VCC       ;
; address[9..8] ; Input ; Info     ; Stuck at GND       ;
; input_data    ; Input ; Info     ; Stuck at GND       ;
+---------------+-------+----------+--------------------+


+------------------------------------------------------------------------------------------------------------------------------------------------------------------------+
; Port Connectivity Checks: "ALU:ALU"                                                                                                                                    ;
+------+-------+----------+----------------------------------------------------------------------------------------------------------------------------------------------+
; Port ; Type  ; Severity ; Details                                                                                                                                      ;
+------+-------+----------+----------------------------------------------------------------------------------------------------------------------------------------------+
; clk  ; Input ; Warning  ; Declared by entity but not connected by instance. If a default value exists, it will be used.  Otherwise, the port will be connected to GND. ;
+------+-------+----------+----------------------------------------------------------------------------------------------------------------------------------------------+


+-------------------------------------------------+
; Port Connectivity Checks: "ADDER:ADDER_PC"      ;
+---------------+-------+----------+--------------+
; Port          ; Type  ; Severity ; Details      ;
+---------------+-------+----------+--------------+
; input2[31..3] ; Input ; Info     ; Stuck at GND ;
; input2[1..0]  ; Input ; Info     ; Stuck at GND ;
; input2[2]     ; Input ; Info     ; Stuck at VCC ;
+---------------+-------+----------+--------------+


+-----------------------------------------------------+
; Post-Synthesis Netlist Statistics for Top Partition ;
+-------------------+---------------------------------+
; Type              ; Count                           ;
+-------------------+---------------------------------+
; boundary_port     ; 2                               ;
;                   ;                                 ;
; Max LUT depth     ; 0.00                            ;
; Average LUT depth ; 0.00                            ;
+-------------------+---------------------------------+


+-------------------------------+
; Elapsed Time Per Partition    ;
+----------------+--------------+
; Partition Name ; Elapsed Time ;
+----------------+--------------+
; Top            ; 00:00:00     ;
+----------------+--------------+


+-------------------------------+
; Analysis & Synthesis Messages ;
+-------------------------------+
Info: *******************************************************************
Info: Running Quartus Prime Analysis & Synthesis
    Info: Version 17.1.0 Build 590 10/25/2017 SJ Lite Edition
    Info: Processing started: Thu Jan 13 20:58:31 2022
Info: Command: quartus_map --read_settings_files=on --write_settings_files=off single_cycle -c single_cycle
Warning (18236): Number of processors has not been specified which may cause overloading on shared machines.  Set the global assignment NUM_PARALLEL_PROCESSORS in your QSF to an appropriate value for best performance.
Info (20030): Parallel compilation is enabled and will use 6 of the 6 processors detected
Info (12021): Found 1 design units, including 1 entities, in source file /users/ivanv/onedrive/escritorio/upv/3 teleco/a/isdigi/isdigi-projects/practica 3 - risc v/core/design/controllers/main_controller.sv
    Info (12023): Found entity 1: main_controller File: C:/Users/ivanv/OneDrive/Escritorio/UPV/3 TELECO/A/ISDIGI/ISDIGI-Projects/Practica 3 - RISC V/Core/Design/Controllers/main_controller.sv Line: 18
Info (12021): Found 1 design units, including 1 entities, in source file /users/ivanv/onedrive/escritorio/upv/3 teleco/a/isdigi/isdigi-projects/practica 3 - risc v/core/design/controllers/alu_controller.sv
    Info (12023): Found entity 1: alu_controller File: C:/Users/ivanv/OneDrive/Escritorio/UPV/3 TELECO/A/ISDIGI/ISDIGI-Projects/Practica 3 - RISC V/Core/Design/Controllers/alu_controller.sv Line: 5
Info (12021): Found 1 design units, including 1 entities, in source file /users/ivanv/onedrive/escritorio/upv/3 teleco/a/isdigi/isdigi-projects/practica 3 - risc v/core/design/basic components/register_bank.sv
    Info (12023): Found entity 1: register_bank File: C:/Users/ivanv/OneDrive/Escritorio/UPV/3 TELECO/A/ISDIGI/ISDIGI-Projects/Practica 3 - RISC V/Core/Design/Basic Components/register_bank.sv Line: 1
Info (12021): Found 1 design units, including 1 entities, in source file /users/ivanv/onedrive/escritorio/upv/3 teleco/a/isdigi/isdigi-projects/practica 3 - risc v/core/design/basic components/mux_3_input.sv
    Info (12023): Found entity 1: mux_3_input File: C:/Users/ivanv/OneDrive/Escritorio/UPV/3 TELECO/A/ISDIGI/ISDIGI-Projects/Practica 3 - RISC V/Core/Design/Basic Components/mux_3_input.sv Line: 1
Info (12021): Found 1 design units, including 1 entities, in source file /users/ivanv/onedrive/escritorio/upv/3 teleco/a/isdigi/isdigi-projects/practica 3 - risc v/core/design/basic components/mux_2_input.sv
    Info (12023): Found entity 1: mux_2_input File: C:/Users/ivanv/OneDrive/Escritorio/UPV/3 TELECO/A/ISDIGI/ISDIGI-Projects/Practica 3 - RISC V/Core/Design/Basic Components/mux_2_input.sv Line: 1
Warning (12019): Can't analyze file -- file ../UPV/3 TELECO/A/ISDIGI/ISDIGI-Projects/Practica 3 - RISC V/Core/Design/Basic Components/memory_.sv is missing
Info (12021): Found 1 design units, including 1 entities, in source file /users/ivanv/onedrive/escritorio/upv/3 teleco/a/isdigi/isdigi-projects/practica 3 - risc v/core/design/basic components/memory.sv
    Info (12023): Found entity 1: memory File: C:/Users/ivanv/OneDrive/Escritorio/UPV/3 TELECO/A/ISDIGI/ISDIGI-Projects/Practica 3 - RISC V/Core/Design/Basic Components/memory.sv Line: 1
Info (12021): Found 1 design units, including 1 entities, in source file /users/ivanv/onedrive/escritorio/upv/3 teleco/a/isdigi/isdigi-projects/practica 3 - risc v/core/design/basic components/jump_controller.sv
    Info (12023): Found entity 1: jump_controller File: C:/Users/ivanv/OneDrive/Escritorio/UPV/3 TELECO/A/ISDIGI/ISDIGI-Projects/Practica 3 - RISC V/Core/Design/Basic Components/jump_controller.sv Line: 1
Info (12021): Found 1 design units, including 1 entities, in source file /users/ivanv/onedrive/escritorio/upv/3 teleco/a/isdigi/isdigi-projects/practica 3 - risc v/core/design/basic components/immgen.sv
    Info (12023): Found entity 1: imm_gen File: C:/Users/ivanv/OneDrive/Escritorio/UPV/3 TELECO/A/ISDIGI/ISDIGI-Projects/Practica 3 - RISC V/Core/Design/Basic Components/immgen.sv Line: 1
Info (12021): Found 1 design units, including 1 entities, in source file /users/ivanv/onedrive/escritorio/upv/3 teleco/a/isdigi/isdigi-projects/practica 3 - risc v/core/design/basic components/alu.sv
    Info (12023): Found entity 1: ALU File: C:/Users/ivanv/OneDrive/Escritorio/UPV/3 TELECO/A/ISDIGI/ISDIGI-Projects/Practica 3 - RISC V/Core/Design/Basic Components/ALU.sv Line: 4
Info (12021): Found 1 design units, including 1 entities, in source file /users/ivanv/onedrive/escritorio/upv/3 teleco/a/isdigi/isdigi-projects/practica 3 - risc v/core/design/basic components/adder.sv
    Info (12023): Found entity 1: ADDER File: C:/Users/ivanv/OneDrive/Escritorio/UPV/3 TELECO/A/ISDIGI/ISDIGI-Projects/Practica 3 - RISC V/Core/Design/Basic Components/ADDER.sv Line: 1
Info (12021): Found 1 design units, including 1 entities, in source file /users/ivanv/onedrive/escritorio/upv/3 teleco/a/isdigi/isdigi-projects/practica 3 - risc v/core/design/golden components/pc_golden.sv
    Info (12023): Found entity 1: PC File: C:/Users/ivanv/OneDrive/Escritorio/UPV/3 TELECO/A/ISDIGI/ISDIGI-Projects/Practica 3 - RISC V/Core/Design/Golden Components/pc_golden.sv Line: 1
Info (12021): Found 1 design units, including 1 entities, in source file /users/ivanv/onedrive/escritorio/upv/3 teleco/a/isdigi/isdigi-projects/practica 3 - risc v/core/design/golden_model_core.sv
    Info (12023): Found entity 1: golden_model_core File: C:/Users/ivanv/OneDrive/Escritorio/UPV/3 TELECO/A/ISDIGI/ISDIGI-Projects/Practica 3 - RISC V/Core/Design/golden_model_core.sv Line: 15
Warning (10222): Verilog HDL Parameter Declaration warning at register_bank.sv(19): Parameter Declaration in module "register_bank" behaves as a Local Parameter Declaration because the module has a Module Parameter Port List File: C:/Users/ivanv/OneDrive/Escritorio/UPV/3 TELECO/A/ISDIGI/ISDIGI-Projects/Practica 3 - RISC V/Core/Design/Basic Components/register_bank.sv Line: 19
Warning (10222): Verilog HDL Parameter Declaration warning at register_bank.sv(20): Parameter Declaration in module "register_bank" behaves as a Local Parameter Declaration because the module has a Module Parameter Port List File: C:/Users/ivanv/OneDrive/Escritorio/UPV/3 TELECO/A/ISDIGI/ISDIGI-Projects/Practica 3 - RISC V/Core/Design/Basic Components/register_bank.sv Line: 20
Warning (10222): Verilog HDL Parameter Declaration warning at register_bank.sv(23): Parameter Declaration in module "register_bank" behaves as a Local Parameter Declaration because the module has a Module Parameter Port List File: C:/Users/ivanv/OneDrive/Escritorio/UPV/3 TELECO/A/ISDIGI/ISDIGI-Projects/Practica 3 - RISC V/Core/Design/Basic Components/register_bank.sv Line: 23
Warning (10222): Verilog HDL Parameter Declaration warning at memory.sv(22): Parameter Declaration in module "memory" behaves as a Local Parameter Declaration because the module has a Module Parameter Port List File: C:/Users/ivanv/OneDrive/Escritorio/UPV/3 TELECO/A/ISDIGI/ISDIGI-Projects/Practica 3 - RISC V/Core/Design/Basic Components/memory.sv Line: 22
Warning (10222): Verilog HDL Parameter Declaration warning at memory.sv(24): Parameter Declaration in module "memory" behaves as a Local Parameter Declaration because the module has a Module Parameter Port List File: C:/Users/ivanv/OneDrive/Escritorio/UPV/3 TELECO/A/ISDIGI/ISDIGI-Projects/Practica 3 - RISC V/Core/Design/Basic Components/memory.sv Line: 24
Info (12127): Elaborating entity "golden_model_core" for the top level hierarchy
Warning (10230): Verilog HDL assignment warning at golden_model_core.sv(205): truncated value with size 30 to match size of target (10) File: C:/Users/ivanv/OneDrive/Escritorio/UPV/3 TELECO/A/ISDIGI/ISDIGI-Projects/Practica 3 - RISC V/Core/Design/golden_model_core.sv Line: 205
Info (12128): Elaborating entity "ADDER" for hierarchy "ADDER:ADDER_SUM" File: C:/Users/ivanv/OneDrive/Escritorio/UPV/3 TELECO/A/ISDIGI/ISDIGI-Projects/Practica 3 - RISC V/Core/Design/golden_model_core.sv Line: 215
Info (12128): Elaborating entity "mux_2_input" for hierarchy "mux_2_input:mux_pc" File: C:/Users/ivanv/OneDrive/Escritorio/UPV/3 TELECO/A/ISDIGI/ISDIGI-Projects/Practica 3 - RISC V/Core/Design/golden_model_core.sv Line: 228
Info (12128): Elaborating entity "PC" for hierarchy "PC:PC" File: C:/Users/ivanv/OneDrive/Escritorio/UPV/3 TELECO/A/ISDIGI/ISDIGI-Projects/Practica 3 - RISC V/Core/Design/golden_model_core.sv Line: 235
Info (12128): Elaborating entity "jump_controller" for hierarchy "jump_controller:jump_controller_" File: C:/Users/ivanv/OneDrive/Escritorio/UPV/3 TELECO/A/ISDIGI/ISDIGI-Projects/Practica 3 - RISC V/Core/Design/golden_model_core.sv Line: 243
Info (12128): Elaborating entity "ALU" for hierarchy "ALU:ALU" File: C:/Users/ivanv/OneDrive/Escritorio/UPV/3 TELECO/A/ISDIGI/ISDIGI-Projects/Practica 3 - RISC V/Core/Design/golden_model_core.sv Line: 251
Info (12128): Elaborating entity "memory" for hierarchy "memory:data_memory" File: C:/Users/ivanv/OneDrive/Escritorio/UPV/3 TELECO/A/ISDIGI/ISDIGI-Projects/Practica 3 - RISC V/Core/Design/golden_model_core.sv Line: 260
Info (12128): Elaborating entity "memory" for hierarchy "memory:instruction_memory" File: C:/Users/ivanv/OneDrive/Escritorio/UPV/3 TELECO/A/ISDIGI/ISDIGI-Projects/Practica 3 - RISC V/Core/Design/golden_model_core.sv Line: 271
Info (12128): Elaborating entity "mux_3_input" for hierarchy "mux_3_input:mux_alu1" File: C:/Users/ivanv/OneDrive/Escritorio/UPV/3 TELECO/A/ISDIGI/ISDIGI-Projects/Practica 3 - RISC V/Core/Design/golden_model_core.sv Line: 282
Info (12128): Elaborating entity "register_bank" for hierarchy "register_bank:register_bank" File: C:/Users/ivanv/OneDrive/Escritorio/UPV/3 TELECO/A/ISDIGI/ISDIGI-Projects/Practica 3 - RISC V/Core/Design/golden_model_core.sv Line: 307
Info (12128): Elaborating entity "imm_gen" for hierarchy "imm_gen:imm_gen" File: C:/Users/ivanv/OneDrive/Escritorio/UPV/3 TELECO/A/ISDIGI/ISDIGI-Projects/Practica 3 - RISC V/Core/Design/golden_model_core.sv Line: 314
Info (12128): Elaborating entity "main_controller" for hierarchy "main_controller:controller" File: C:/Users/ivanv/OneDrive/Escritorio/UPV/3 TELECO/A/ISDIGI/ISDIGI-Projects/Practica 3 - RISC V/Core/Design/golden_model_core.sv Line: 327
Info (12128): Elaborating entity "alu_controller" for hierarchy "alu_controller:alu_control" File: C:/Users/ivanv/OneDrive/Escritorio/UPV/3 TELECO/A/ISDIGI/ISDIGI-Projects/Practica 3 - RISC V/Core/Design/golden_model_core.sv Line: 334
Warning (12241): 3 hierarchies have connectivity warnings - see the Connectivity Checks report folder
Info (144001): Generated suppressed messages file C:/Users/ivanv/OneDrive/Escritorio/quartus/output_files/single_cycle.map.smsg
Info (16010): Generating hard_block partition "hard_block:auto_generated_inst"
    Info (16011): Adding 0 node(s), including 0 DDIO, 0 PLL, 0 transceiver and 0 LCELL
Warning (21074): Design contains 2 input pin(s) that do not drive logic
    Warning (15610): No output dependent on input pin "clk" File: C:/Users/ivanv/OneDrive/Escritorio/UPV/3 TELECO/A/ISDIGI/ISDIGI-Projects/Practica 3 - RISC V/Core/Design/golden_model_core.sv Line: 23
    Warning (15610): No output dependent on input pin "reset" File: C:/Users/ivanv/OneDrive/Escritorio/UPV/3 TELECO/A/ISDIGI/ISDIGI-Projects/Practica 3 - RISC V/Core/Design/golden_model_core.sv Line: 25
Info (21057): Implemented 2 device resources after synthesis - the final resource count might be different
    Info (21058): Implemented 2 input pins
    Info (21059): Implemented 0 output pins
Info: Quartus Prime Analysis & Synthesis was successful. 0 errors, 12 warnings
    Info: Peak virtual memory: 4745 megabytes
    Info: Processing ended: Thu Jan 13 20:58:44 2022
    Info: Elapsed time: 00:00:13
    Info: Total CPU time (on all processors): 00:00:27


+------------------------------------------+
; Analysis & Synthesis Suppressed Messages ;
+------------------------------------------+
The suppressed messages can be found in C:/Users/ivanv/OneDrive/Escritorio/quartus/output_files/single_cycle.map.smsg.


