Restore Archived Project report for DataPath
Sat Nov 13 13:11:26 2021
Quartus Prime Version 17.1.1 Internal Build 593 12/11/2017 SJ Lite Edition


---------------------
; Table of Contents ;
---------------------
  1. Legal Notice
  2. Restore Archived Project Summary
  3. Restore Archived Project Messages
  4. Files Restored
  5. Files Not Restored



----------------
; Legal Notice ;
----------------
Copyright (C) 2017  Intel Corporation. All rights reserved.
Your use of Intel Corporation's design tools, logic functions 
and other software and tools, and its AMPP partner logic 
functions, and any output files from any of the foregoing 
(including device programming or simulation files), and any 
associated documentation or information are expressly subject 
to the terms and conditions of the Intel Program License 
Subscription Agreement, the Intel Quartus Prime License Agreement,
the Intel FPGA IP License Agreement, or other applicable license
agreement, including, without limitation, that your use is for
the sole purpose of programming logic devices manufactured by
Intel and sold by Intel or its authorized distributors.  Please
refer to the applicable agreement for further details.



+-------------------------------------------------------------------------+
; Restore Archived Project Summary                                        ;
+---------------------------------+---------------------------------------+
; Restore Archived Project Status ; Successful - Sat Nov 13 13:11:26 2021 ;
; Revision Name                   ; DataPath                              ;
; Top-level Entity Name           ; multipli                              ;
; Family                          ; Cyclone IV E                          ;
+---------------------------------+---------------------------------------+


+-----------------------------------+
; Restore Archived Project Messages ;
+-----------------------------------+
Warning (292006): Can't contact license server "1717@158.42.250.86" -- this server will be ignored.
Info: Successfully restored 'C:/Users/mrpas/OneDrive/Documentos/ISDIGI/Prac/ISDIGI-Projects/Practica 2 - Sum and Shift Based Multiplier/Diseño/multipli.qar' into the 'C:/Users/mrpas/OneDrive/Documentos/ISDIGI/Prac/ISDIGI-Projects/Practica 2 - Sum and Shift Based Multiplier/Diseño/multipli_restored/' directory
Info: Generated report 'DataPath.restore.rpt'
Info (23030): Evaluation of Tcl script c:/intelfpga_lite/17.1/quartus/common/tcl/apps/qpm/qar.tcl was successful
Info: Quartus Prime Shell was successful. 0 errors, 1 warning
    Info: Peak virtual memory: 4847 megabytes
    Info: Processing ended: Sat Nov 13 13:11:26 2021
    Info: Elapsed time: 00:00:00
    Info: Total CPU time (on all processors): 00:00:01


+-------------------------+
; Files Restored          ;
+-------------------------+
; File Name               ;
+-------------------------+
; qar_info.json           ;
; ADDER.sv                ;
; DataPath.qpf            ;
; DataPath.qsf            ;
; DataPath.sv             ;
; FSM.sv                  ;
; assignment_defaults.qdf ;
; contador.sv             ;
; multipli.sv             ;
; registroM.sv            ;
; registroX.sv            ;
; shifterLO.sv            ;
; shifterQ.sv             ;
+-------------------------+


+--------------------+
; Files Not Restored ;
+--------------------+
; File Name          ;
+--------------------+


