Analysis & Synthesis report for FIFO_32_8
Sun Oct 10 13:34:32 2021
Quartus Prime Version 17.1.0 Build 590 10/25/2017 SJ Lite Edition


---------------------
; Table of Contents ;
---------------------
  1. Legal Notice
  2. Analysis & Synthesis Summary
  3. Analysis & Synthesis Settings
  4. Parallel Compilation
  5. Analysis & Synthesis Source Files Read
  6. Analysis & Synthesis Resource Usage Summary
  7. Analysis & Synthesis Resource Utilization by Entity
  8. Analysis & Synthesis RAM Summary
  9. State Machine - |FIFO_32_8|current_state
 10. User-Specified and Inferred Latches
 11. General Register Statistics
 12. Registers Packed Into Inferred Megafunctions
 13. Multiplexer Restructuring Statistics (Restructuring Performed)
 14. Source assignments for RAM_DP:PILA|altsyncram:mem_rtl_0|altsyncram_0tp1:auto_generated
 15. Parameter Settings for User Entity Instance: mux21:out_mux
 16. Parameter Settings for User Entity Instance: counter:counter_w
 17. Parameter Settings for User Entity Instance: counter:counter_r
 18. Parameter Settings for User Entity Instance: counter:use_dw
 19. Parameter Settings for User Entity Instance: RAM_DP:PILA
 20. Parameter Settings for Inferred Entity Instance: RAM_DP:PILA|altsyncram:mem_rtl_0
 21. altsyncram Parameter Settings by Entity Instance
 22. Port Connectivity Checks: "counter:use_dw"
 23. Port Connectivity Checks: "counter:counter_r"
 24. Port Connectivity Checks: "counter:counter_w"
 25. Post-Synthesis Netlist Statistics for Top Partition
 26. Elapsed Time Per Partition
 27. Analysis & Synthesis Messages
 28. Analysis & Synthesis Suppressed Messages



----------------
; Legal Notice ;
----------------
Copyright (C) 2017  Intel Corporation. All rights reserved.
Your use of Intel Corporation's design tools, logic functions 
and other software and tools, and its AMPP partner logic 
functions, and any output files from any of the foregoing 
(including device programming or simulation files), and any 
associated documentation or information are expressly subject 
to the terms and conditions of the Intel Program License 
Subscription Agreement, the Intel Quartus Prime License Agreement,
the Intel FPGA IP License Agreement, or other applicable license
agreement, including, without limitation, that your use is for
the sole purpose of programming logic devices manufactured by
Intel and sold by Intel or its authorized distributors.  Please
refer to the applicable agreement for further details.



+-------------------------------------------------------------------------------+
; Analysis & Synthesis Summary                                                  ;
+---------------------------------+---------------------------------------------+
; Analysis & Synthesis Status     ; Successful - Sun Oct 10 13:34:32 2021       ;
; Quartus Prime Version           ; 17.1.0 Build 590 10/25/2017 SJ Lite Edition ;
; Revision Name                   ; FIFO_32_8                                   ;
; Top-level Entity Name           ; FIFO_32_8                                   ;
; Family                          ; Cyclone V                                   ;
; Logic utilization (in ALMs)     ; N/A                                         ;
; Total registers                 ; 26                                          ;
; Total pins                      ; 28                                          ;
; Total virtual pins              ; 0                                           ;
; Total block memory bits         ; 256                                         ;
; Total DSP Blocks                ; 0                                           ;
; Total HSSI RX PCSs              ; 0                                           ;
; Total HSSI PMA RX Deserializers ; 0                                           ;
; Total HSSI TX PCSs              ; 0                                           ;
; Total HSSI PMA TX Serializers   ; 0                                           ;
; Total PLLs                      ; 0                                           ;
; Total DLLs                      ; 0                                           ;
+---------------------------------+---------------------------------------------+


+---------------------------------------------------------------------------------------------------------------------------+
; Analysis & Synthesis Settings                                                                                             ;
+---------------------------------------------------------------------------------+--------------------+--------------------+
; Option                                                                          ; Setting            ; Default Value      ;
+---------------------------------------------------------------------------------+--------------------+--------------------+
; Device                                                                          ; 5CGXFC7C7F23C8     ;                    ;
; Top-level entity name                                                           ; FIFO_32_8          ; FIFO_32_8          ;
; Family name                                                                     ; Cyclone V          ; Cyclone V          ;
; Use smart compilation                                                           ; Off                ; Off                ;
; Enable parallel Assembler and TimeQuest Timing Analyzer during compilation      ; On                 ; On                 ;
; Enable compact report table                                                     ; Off                ; Off                ;
; Restructure Multiplexers                                                        ; Auto               ; Auto               ;
; MLAB Add Timing Constraints For Mixed-Port Feed-Through Mode Setting Don't Care ; Off                ; Off                ;
; Create Debugging Nodes for IP Cores                                             ; Off                ; Off                ;
; Preserve fewer node names                                                       ; On                 ; On                 ;
; Intel FPGA IP Evaluation Mode                                                   ; Enable             ; Enable             ;
; Verilog Version                                                                 ; Verilog_2001       ; Verilog_2001       ;
; VHDL Version                                                                    ; VHDL_1993          ; VHDL_1993          ;
; State Machine Processing                                                        ; Auto               ; Auto               ;
; Safe State Machine                                                              ; Off                ; Off                ;
; Extract Verilog State Machines                                                  ; On                 ; On                 ;
; Extract VHDL State Machines                                                     ; On                 ; On                 ;
; Ignore Verilog initial constructs                                               ; Off                ; Off                ;
; Iteration limit for constant Verilog loops                                      ; 5000               ; 5000               ;
; Iteration limit for non-constant Verilog loops                                  ; 250                ; 250                ;
; Add Pass-Through Logic to Inferred RAMs                                         ; On                 ; On                 ;
; Infer RAMs from Raw Logic                                                       ; On                 ; On                 ;
; Parallel Synthesis                                                              ; On                 ; On                 ;
; DSP Block Balancing                                                             ; Auto               ; Auto               ;
; NOT Gate Push-Back                                                              ; On                 ; On                 ;
; Power-Up Don't Care                                                             ; On                 ; On                 ;
; Remove Redundant Logic Cells                                                    ; Off                ; Off                ;
; Remove Duplicate Registers                                                      ; On                 ; On                 ;
; Ignore CARRY Buffers                                                            ; Off                ; Off                ;
; Ignore CASCADE Buffers                                                          ; Off                ; Off                ;
; Ignore GLOBAL Buffers                                                           ; Off                ; Off                ;
; Ignore ROW GLOBAL Buffers                                                       ; Off                ; Off                ;
; Ignore LCELL Buffers                                                            ; Off                ; Off                ;
; Ignore SOFT Buffers                                                             ; On                 ; On                 ;
; Limit AHDL Integers to 32 Bits                                                  ; Off                ; Off                ;
; Optimization Technique                                                          ; Balanced           ; Balanced           ;
; Carry Chain Length                                                              ; 70                 ; 70                 ;
; Auto Carry Chains                                                               ; On                 ; On                 ;
; Auto Open-Drain Pins                                                            ; On                 ; On                 ;
; Perform WYSIWYG Primitive Resynthesis                                           ; Off                ; Off                ;
; Auto ROM Replacement                                                            ; On                 ; On                 ;
; Auto RAM Replacement                                                            ; On                 ; On                 ;
; Auto DSP Block Replacement                                                      ; On                 ; On                 ;
; Auto Shift Register Replacement                                                 ; Auto               ; Auto               ;
; Allow Shift Register Merging across Hierarchies                                 ; Auto               ; Auto               ;
; Auto Clock Enable Replacement                                                   ; On                 ; On                 ;
; Strict RAM Replacement                                                          ; Off                ; Off                ;
; Allow Synchronous Control Signals                                               ; On                 ; On                 ;
; Force Use of Synchronous Clear Signals                                          ; Off                ; Off                ;
; Auto Resource Sharing                                                           ; Off                ; Off                ;
; Allow Any RAM Size For Recognition                                              ; Off                ; Off                ;
; Allow Any ROM Size For Recognition                                              ; Off                ; Off                ;
; Allow Any Shift Register Size For Recognition                                   ; Off                ; Off                ;
; Use LogicLock Constraints during Resource Balancing                             ; On                 ; On                 ;
; Ignore translate_off and synthesis_off directives                               ; Off                ; Off                ;
; Timing-Driven Synthesis                                                         ; On                 ; On                 ;
; Report Parameter Settings                                                       ; On                 ; On                 ;
; Report Source Assignments                                                       ; On                 ; On                 ;
; Report Connectivity Checks                                                      ; On                 ; On                 ;
; Ignore Maximum Fan-Out Assignments                                              ; Off                ; Off                ;
; Synchronization Register Chain Length                                           ; 3                  ; 3                  ;
; Power Optimization During Synthesis                                             ; Normal compilation ; Normal compilation ;
; HDL message level                                                               ; Level2             ; Level2             ;
; Suppress Register Optimization Related Messages                                 ; Off                ; Off                ;
; Number of Removed Registers Reported in Synthesis Report                        ; 5000               ; 5000               ;
; Number of Swept Nodes Reported in Synthesis Report                              ; 5000               ; 5000               ;
; Number of Inverted Registers Reported in Synthesis Report                       ; 100                ; 100                ;
; Clock MUX Protection                                                            ; On                 ; On                 ;
; Auto Gated Clock Conversion                                                     ; Off                ; Off                ;
; Block Design Naming                                                             ; Auto               ; Auto               ;
; SDC constraint protection                                                       ; Off                ; Off                ;
; Synthesis Effort                                                                ; Auto               ; Auto               ;
; Shift Register Replacement - Allow Asynchronous Clear Signal                    ; On                 ; On                 ;
; Pre-Mapping Resynthesis Optimization                                            ; Off                ; Off                ;
; Analysis & Synthesis Message Level                                              ; Medium             ; Medium             ;
; Disable Register Merging Across Hierarchies                                     ; Auto               ; Auto               ;
; Resource Aware Inference For Block RAM                                          ; On                 ; On                 ;
; Automatic Parallel Synthesis                                                    ; On                 ; On                 ;
; Partial Reconfiguration Bitstream ID                                            ; Off                ; Off                ;
+---------------------------------------------------------------------------------+--------------------+--------------------+


+------------------------------------------+
; Parallel Compilation                     ;
+----------------------------+-------------+
; Processors                 ; Number      ;
+----------------------------+-------------+
; Number detected on machine ; 16          ;
; Maximum allowed            ; 16          ;
;                            ;             ;
; Average used               ; 1.00        ;
; Maximum used               ; 16          ;
;                            ;             ;
; Usage by Processor         ; % Time Used ;
;     Processor 1            ; 100.0%      ;
;     Processors 2-16        ;   0.0%      ;
+----------------------------+-------------+


+--------------------------------------------------------------------------------------------------------------------------------------------------------------------------------------------------------------------------------------------------+
; Analysis & Synthesis Source Files Read                                                                                                                                                                                                           ;
+----------------------------------+-----------------+------------------------------+----------------------------------------------------------------------------------------------------------------------------------------------------+---------+
; File Name with User-Entered Path ; Used in Netlist ; File Type                    ; File Name with Absolute Path                                                                                                                       ; Library ;
+----------------------------------+-----------------+------------------------------+----------------------------------------------------------------------------------------------------------------------------------------------------+---------+
; MathFun.vh                       ; yes             ; User Unspecified File        ; C:/Users/Javier Presmanes/Documents/Universidad/3ro Teleco/Primer Cuatri/ISDIGI/Practicas/ISDIGI-Projects/Practica 1 - FIFO/MathFun.vh             ;         ;
; FIFO_32_8.sv                     ; yes             ; User SystemVerilog HDL File  ; C:/Users/Javier Presmanes/Documents/Universidad/3ro Teleco/Primer Cuatri/ISDIGI/Practicas/ISDIGI-Projects/Practica 1 - FIFO/FIFO_32_8.sv           ;         ;
; counter.sv                       ; yes             ; User SystemVerilog HDL File  ; C:/Users/Javier Presmanes/Documents/Universidad/3ro Teleco/Primer Cuatri/ISDIGI/Practicas/ISDIGI-Projects/Practica 1 - FIFO/counter.sv             ;         ;
; RAM_DP.sv                        ; yes             ; User SystemVerilog HDL File  ; C:/Users/Javier Presmanes/Documents/Universidad/3ro Teleco/Primer Cuatri/ISDIGI/Practicas/ISDIGI-Projects/Practica 1 - FIFO/RAM_DP.sv              ;         ;
; mux21.v                          ; yes             ; User Verilog HDL File        ; C:/Users/Javier Presmanes/Documents/Universidad/3ro Teleco/Primer Cuatri/ISDIGI/Practicas/ISDIGI-Projects/Practica 1 - FIFO/mux21.v                ;         ;
; altsyncram.tdf                   ; yes             ; Megafunction                 ; c:/intelfpga_lite/17.1/quartus/libraries/megafunctions/altsyncram.tdf                                                                              ;         ;
; stratix_ram_block.inc            ; yes             ; Megafunction                 ; c:/intelfpga_lite/17.1/quartus/libraries/megafunctions/stratix_ram_block.inc                                                                       ;         ;
; lpm_mux.inc                      ; yes             ; Megafunction                 ; c:/intelfpga_lite/17.1/quartus/libraries/megafunctions/lpm_mux.inc                                                                                 ;         ;
; lpm_decode.inc                   ; yes             ; Megafunction                 ; c:/intelfpga_lite/17.1/quartus/libraries/megafunctions/lpm_decode.inc                                                                              ;         ;
; aglobal171.inc                   ; yes             ; Megafunction                 ; c:/intelfpga_lite/17.1/quartus/libraries/megafunctions/aglobal171.inc                                                                              ;         ;
; a_rdenreg.inc                    ; yes             ; Megafunction                 ; c:/intelfpga_lite/17.1/quartus/libraries/megafunctions/a_rdenreg.inc                                                                               ;         ;
; altrom.inc                       ; yes             ; Megafunction                 ; c:/intelfpga_lite/17.1/quartus/libraries/megafunctions/altrom.inc                                                                                  ;         ;
; altram.inc                       ; yes             ; Megafunction                 ; c:/intelfpga_lite/17.1/quartus/libraries/megafunctions/altram.inc                                                                                  ;         ;
; altdpram.inc                     ; yes             ; Megafunction                 ; c:/intelfpga_lite/17.1/quartus/libraries/megafunctions/altdpram.inc                                                                                ;         ;
; db/altsyncram_0tp1.tdf           ; yes             ; Auto-Generated Megafunction  ; C:/Users/Javier Presmanes/Documents/Universidad/3ro Teleco/Primer Cuatri/ISDIGI/Practicas/ISDIGI-Projects/Practica 1 - FIFO/db/altsyncram_0tp1.tdf ;         ;
+----------------------------------+-----------------+------------------------------+----------------------------------------------------------------------------------------------------------------------------------------------------+---------+


+------------------------------------------------------------------+
; Analysis & Synthesis Resource Usage Summary                      ;
+---------------------------------------------+--------------------+
; Resource                                    ; Usage              ;
+---------------------------------------------+--------------------+
; Estimate of Logic utilization (ALMs needed) ; 22                 ;
;                                             ;                    ;
; Combinational ALUT usage for logic          ; 31                 ;
;     -- 7 input functions                    ; 1                  ;
;     -- 6 input functions                    ; 3                  ;
;     -- 5 input functions                    ; 7                  ;
;     -- 4 input functions                    ; 9                  ;
;     -- <=3 input functions                  ; 11                 ;
;                                             ;                    ;
; Dedicated logic registers                   ; 26                 ;
;                                             ;                    ;
; I/O pins                                    ; 28                 ;
; Total MLAB memory bits                      ; 0                  ;
; Total block memory bits                     ; 256                ;
;                                             ;                    ;
; Total DSP Blocks                            ; 0                  ;
;                                             ;                    ;
; Maximum fan-out node                        ; fifo_iff.CLK~input ;
; Maximum fan-out                             ; 34                 ;
; Total fan-out                               ; 398                ;
; Average fan-out                             ; 2.67               ;
+---------------------------------------------+--------------------+


+------------------------------------------------------------------------------------------------------------------------------------------------------------------------------------------------------------------------------------------------------------------+
; Analysis & Synthesis Resource Utilization by Entity                                                                                                                                                                                                              ;
+-------------------------------------------+---------------------+---------------------------+-------------------+------------+------+--------------+----------------------------------------------------------------------------+-----------------+--------------+
; Compilation Hierarchy Node                ; Combinational ALUTs ; Dedicated Logic Registers ; Block Memory Bits ; DSP Blocks ; Pins ; Virtual Pins ; Full Hierarchy Name                                                        ; Entity Name     ; Library Name ;
+-------------------------------------------+---------------------+---------------------------+-------------------+------------+------+--------------+----------------------------------------------------------------------------+-----------------+--------------+
; |FIFO_32_8                                ; 31 (14)             ; 26 (3)                    ; 256               ; 0          ; 28   ; 0            ; |FIFO_32_8                                                                 ; FIFO_32_8       ; work         ;
;    |RAM_DP:PILA|                          ; 0 (0)               ; 0 (0)                     ; 256               ; 0          ; 0    ; 0            ; |FIFO_32_8|RAM_DP:PILA                                                     ; RAM_DP          ; work         ;
;       |altsyncram:mem_rtl_0|              ; 0 (0)               ; 0 (0)                     ; 256               ; 0          ; 0    ; 0            ; |FIFO_32_8|RAM_DP:PILA|altsyncram:mem_rtl_0                                ; altsyncram      ; work         ;
;          |altsyncram_0tp1:auto_generated| ; 0 (0)               ; 0 (0)                     ; 256               ; 0          ; 0    ; 0            ; |FIFO_32_8|RAM_DP:PILA|altsyncram:mem_rtl_0|altsyncram_0tp1:auto_generated ; altsyncram_0tp1 ; work         ;
;    |counter:counter_r|                    ; 6 (6)               ; 5 (5)                     ; 0                 ; 0          ; 0    ; 0            ; |FIFO_32_8|counter:counter_r                                               ; counter         ; work         ;
;    |counter:counter_w|                    ; 6 (6)               ; 5 (5)                     ; 0                 ; 0          ; 0    ; 0            ; |FIFO_32_8|counter:counter_w                                               ; counter         ; work         ;
;    |counter:use_dw|                       ; 5 (5)               ; 5 (5)                     ; 0                 ; 0          ; 0    ; 0            ; |FIFO_32_8|counter:use_dw                                                  ; counter         ; work         ;
;    |mux21:out_mux|                        ; 0 (0)               ; 8 (8)                     ; 0                 ; 0          ; 0    ; 0            ; |FIFO_32_8|mux21:out_mux                                                   ; mux21           ; work         ;
+-------------------------------------------+---------------------+---------------------------+-------------------+------------+------+--------------+----------------------------------------------------------------------------+-----------------+--------------+
Note: For table entries with two numbers listed, the numbers in parentheses indicate the number of resources of the given type used by the specific entity alone. The numbers listed outside of parentheses indicate the total resources of the given type used by the specific entity and all of its sub-entities in the hierarchy.


+--------------------------------------------------------------------------------------------------------------------------------------------------------------------------------+
; Analysis & Synthesis RAM Summary                                                                                                                                               ;
+----------------------------------------------------------------------------+------+------------------+--------------+--------------+--------------+--------------+------+------+
; Name                                                                       ; Type ; Mode             ; Port A Depth ; Port A Width ; Port B Depth ; Port B Width ; Size ; MIF  ;
+----------------------------------------------------------------------------+------+------------------+--------------+--------------+--------------+--------------+------+------+
; RAM_DP:PILA|altsyncram:mem_rtl_0|altsyncram_0tp1:auto_generated|ALTSYNCRAM ; AUTO ; Simple Dual Port ; 32           ; 8            ; 32           ; 8            ; 256  ; None ;
+----------------------------------------------------------------------------+------+------------------+--------------+--------------+--------------+--------------+------+------+


Encoding Type:  One-Hot
+--------------------------------------------------------------------------------------+
; State Machine - |FIFO_32_8|current_state                                             ;
+---------------------+---------------------+--------------------+---------------------+
; Name                ; current_state.EMPTY ; current_state.FULL ; current_state.OTHER ;
+---------------------+---------------------+--------------------+---------------------+
; current_state.EMPTY ; 0                   ; 0                  ; 0                   ;
; current_state.OTHER ; 1                   ; 0                  ; 1                   ;
; current_state.FULL  ; 1                   ; 1                  ; 0                   ;
+---------------------+---------------------+--------------------+---------------------+


+---------------------------------------------------------------------------------------------------+
; User-Specified and Inferred Latches                                                               ;
+----------------------------------------------------+---------------------+------------------------+
; Latch Name                                         ; Latch Enable Signal ; Free of Timing Hazards ;
+----------------------------------------------------+---------------------+------------------------+
; counter_dw_mode                                    ; Selector8           ; yes                    ;
; output_selector                                    ; Selector0           ; yes                    ;
; Number of user-specified and inferred latches = 2  ;                     ;                        ;
+----------------------------------------------------+---------------------+------------------------+
Note: All latches listed above may not be present at the end of synthesis due to various synthesis optimizations.


+------------------------------------------------------+
; General Register Statistics                          ;
+----------------------------------------------+-------+
; Statistic                                    ; Value ;
+----------------------------------------------+-------+
; Total registers                              ; 26    ;
; Number of registers using Synchronous Clear  ; 0     ;
; Number of registers using Synchronous Load   ; 8     ;
; Number of registers using Asynchronous Clear ; 18    ;
; Number of registers using Asynchronous Load  ; 0     ;
; Number of registers using Clock Enable       ; 5     ;
; Number of registers using Preset             ; 0     ;
+----------------------------------------------+-------+


+-----------------------------------------------------------+
; Registers Packed Into Inferred Megafunctions              ;
+----------------------------+-----------------------+------+
; Register Name              ; Megafunction          ; Type ;
+----------------------------+-----------------------+------+
; RAM_DP:PILA|data_out[0..7] ; RAM_DP:PILA|mem_rtl_0 ; RAM  ;
+----------------------------+-----------------------+------+


+------------------------------------------------------------------------------------------------------------------------------------------+
; Multiplexer Restructuring Statistics (Restructuring Performed)                                                                           ;
+--------------------+-----------+---------------+----------------------+------------------------+------------+----------------------------+
; Multiplexer Inputs ; Bus Width ; Baseline Area ; Area if Restructured ; Saving if Restructured ; Registered ; Example Multiplexer Output ;
+--------------------+-----------+---------------+----------------------+------------------------+------------+----------------------------+
; 3:1                ; 2 bits    ; 4 LEs         ; 4 LEs                ; 0 LEs                  ; No         ; |FIFO_32_8|Selector7       ;
+--------------------+-----------+---------------+----------------------+------------------------+------------+----------------------------+


+----------------------------------------------------------------------------------------+
; Source assignments for RAM_DP:PILA|altsyncram:mem_rtl_0|altsyncram_0tp1:auto_generated ;
+---------------------------------+--------------------+------+--------------------------+
; Assignment                      ; Value              ; From ; To                       ;
+---------------------------------+--------------------+------+--------------------------+
; OPTIMIZE_POWER_DURING_SYNTHESIS ; NORMAL_COMPILATION ; -    ; -                        ;
+---------------------------------+--------------------+------+--------------------------+


+------------------------------------------------------------+
; Parameter Settings for User Entity Instance: mux21:out_mux ;
+----------------+-------+-----------------------------------+
; Parameter Name ; Value ; Type                              ;
+----------------+-------+-----------------------------------+
; size           ; 8     ; Signed Integer                    ;
+----------------+-------+-----------------------------------+
Note: In order to hide this table in the UI and the text report file, please set the "Show Parameter Settings in Synthesis Report" option in "Analysis and Synthesis Settings -> More Settings" to "Off".


+----------------------------------------------------------------+
; Parameter Settings for User Entity Instance: counter:counter_w ;
+----------------+-------+---------------------------------------+
; Parameter Name ; Value ; Type                                  ;
+----------------+-------+---------------------------------------+
; final_value    ; 32    ; Signed Integer                        ;
; n              ; 5     ; Signed Integer                        ;
+----------------+-------+---------------------------------------+
Note: In order to hide this table in the UI and the text report file, please set the "Show Parameter Settings in Synthesis Report" option in "Analysis and Synthesis Settings -> More Settings" to "Off".


+----------------------------------------------------------------+
; Parameter Settings for User Entity Instance: counter:counter_r ;
+----------------+-------+---------------------------------------+
; Parameter Name ; Value ; Type                                  ;
+----------------+-------+---------------------------------------+
; final_value    ; 32    ; Signed Integer                        ;
; n              ; 5     ; Signed Integer                        ;
+----------------+-------+---------------------------------------+
Note: In order to hide this table in the UI and the text report file, please set the "Show Parameter Settings in Synthesis Report" option in "Analysis and Synthesis Settings -> More Settings" to "Off".


+-------------------------------------------------------------+
; Parameter Settings for User Entity Instance: counter:use_dw ;
+----------------+-------+------------------------------------+
; Parameter Name ; Value ; Type                               ;
+----------------+-------+------------------------------------+
; final_value    ; 32    ; Signed Integer                     ;
; n              ; 5     ; Signed Integer                     ;
+----------------+-------+------------------------------------+
Note: In order to hide this table in the UI and the text report file, please set the "Show Parameter Settings in Synthesis Report" option in "Analysis and Synthesis Settings -> More Settings" to "Off".


+----------------------------------------------------------+
; Parameter Settings for User Entity Instance: RAM_DP:PILA ;
+----------------+-------+---------------------------------+
; Parameter Name ; Value ; Type                            ;
+----------------+-------+---------------------------------+
; mem_depth      ; 32    ; Signed Integer                  ;
; size           ; 8     ; Signed Integer                  ;
+----------------+-------+---------------------------------+
Note: In order to hide this table in the UI and the text report file, please set the "Show Parameter Settings in Synthesis Report" option in "Analysis and Synthesis Settings -> More Settings" to "Off".


+-----------------------------------------------------------------------------------+
; Parameter Settings for Inferred Entity Instance: RAM_DP:PILA|altsyncram:mem_rtl_0 ;
+------------------------------------+----------------------+-----------------------+
; Parameter Name                     ; Value                ; Type                  ;
+------------------------------------+----------------------+-----------------------+
; BYTE_SIZE_BLOCK                    ; 8                    ; Untyped               ;
; AUTO_CARRY_CHAINS                  ; ON                   ; AUTO_CARRY            ;
; IGNORE_CARRY_BUFFERS               ; OFF                  ; IGNORE_CARRY          ;
; AUTO_CASCADE_CHAINS                ; ON                   ; AUTO_CASCADE          ;
; IGNORE_CASCADE_BUFFERS             ; OFF                  ; IGNORE_CASCADE        ;
; WIDTH_BYTEENA                      ; 1                    ; Untyped               ;
; OPERATION_MODE                     ; DUAL_PORT            ; Untyped               ;
; WIDTH_A                            ; 8                    ; Untyped               ;
; WIDTHAD_A                          ; 5                    ; Untyped               ;
; NUMWORDS_A                         ; 32                   ; Untyped               ;
; OUTDATA_REG_A                      ; UNREGISTERED         ; Untyped               ;
; ADDRESS_ACLR_A                     ; NONE                 ; Untyped               ;
; OUTDATA_ACLR_A                     ; NONE                 ; Untyped               ;
; WRCONTROL_ACLR_A                   ; NONE                 ; Untyped               ;
; INDATA_ACLR_A                      ; NONE                 ; Untyped               ;
; BYTEENA_ACLR_A                     ; NONE                 ; Untyped               ;
; WIDTH_B                            ; 8                    ; Untyped               ;
; WIDTHAD_B                          ; 5                    ; Untyped               ;
; NUMWORDS_B                         ; 32                   ; Untyped               ;
; INDATA_REG_B                       ; CLOCK1               ; Untyped               ;
; WRCONTROL_WRADDRESS_REG_B          ; CLOCK1               ; Untyped               ;
; RDCONTROL_REG_B                    ; CLOCK0               ; Untyped               ;
; ADDRESS_REG_B                      ; CLOCK0               ; Untyped               ;
; OUTDATA_REG_B                      ; UNREGISTERED         ; Untyped               ;
; BYTEENA_REG_B                      ; CLOCK1               ; Untyped               ;
; INDATA_ACLR_B                      ; NONE                 ; Untyped               ;
; WRCONTROL_ACLR_B                   ; NONE                 ; Untyped               ;
; ADDRESS_ACLR_B                     ; NONE                 ; Untyped               ;
; OUTDATA_ACLR_B                     ; NONE                 ; Untyped               ;
; RDCONTROL_ACLR_B                   ; NONE                 ; Untyped               ;
; BYTEENA_ACLR_B                     ; NONE                 ; Untyped               ;
; WIDTH_BYTEENA_A                    ; 1                    ; Untyped               ;
; WIDTH_BYTEENA_B                    ; 1                    ; Untyped               ;
; RAM_BLOCK_TYPE                     ; AUTO                 ; Untyped               ;
; BYTE_SIZE                          ; 8                    ; Untyped               ;
; READ_DURING_WRITE_MODE_MIXED_PORTS ; OLD_DATA             ; Untyped               ;
; READ_DURING_WRITE_MODE_PORT_A      ; NEW_DATA_NO_NBE_READ ; Untyped               ;
; READ_DURING_WRITE_MODE_PORT_B      ; NEW_DATA_NO_NBE_READ ; Untyped               ;
; INIT_FILE                          ; UNUSED               ; Untyped               ;
; INIT_FILE_LAYOUT                   ; PORT_A               ; Untyped               ;
; MAXIMUM_DEPTH                      ; 0                    ; Untyped               ;
; CLOCK_ENABLE_INPUT_A               ; NORMAL               ; Untyped               ;
; CLOCK_ENABLE_INPUT_B               ; NORMAL               ; Untyped               ;
; CLOCK_ENABLE_OUTPUT_A              ; NORMAL               ; Untyped               ;
; CLOCK_ENABLE_OUTPUT_B              ; NORMAL               ; Untyped               ;
; CLOCK_ENABLE_CORE_A                ; USE_INPUT_CLKEN      ; Untyped               ;
; CLOCK_ENABLE_CORE_B                ; USE_INPUT_CLKEN      ; Untyped               ;
; ENABLE_ECC                         ; FALSE                ; Untyped               ;
; ECC_PIPELINE_STAGE_ENABLED         ; FALSE                ; Untyped               ;
; WIDTH_ECCSTATUS                    ; 3                    ; Untyped               ;
; DEVICE_FAMILY                      ; Cyclone V            ; Untyped               ;
; CBXI_PARAMETER                     ; altsyncram_0tp1      ; Untyped               ;
+------------------------------------+----------------------+-----------------------+
Note: In order to hide this table in the UI and the text report file, please set the "Show Parameter Settings in Synthesis Report" option in "Analysis and Synthesis Settings -> More Settings" to "Off".


+------------------------------------------------------------------------------+
; altsyncram Parameter Settings by Entity Instance                             ;
+-------------------------------------------+----------------------------------+
; Name                                      ; Value                            ;
+-------------------------------------------+----------------------------------+
; Number of entity instances                ; 1                                ;
; Entity Instance                           ; RAM_DP:PILA|altsyncram:mem_rtl_0 ;
;     -- OPERATION_MODE                     ; DUAL_PORT                        ;
;     -- WIDTH_A                            ; 8                                ;
;     -- NUMWORDS_A                         ; 32                               ;
;     -- OUTDATA_REG_A                      ; UNREGISTERED                     ;
;     -- WIDTH_B                            ; 8                                ;
;     -- NUMWORDS_B                         ; 32                               ;
;     -- ADDRESS_REG_B                      ; CLOCK0                           ;
;     -- OUTDATA_REG_B                      ; UNREGISTERED                     ;
;     -- RAM_BLOCK_TYPE                     ; AUTO                             ;
;     -- READ_DURING_WRITE_MODE_MIXED_PORTS ; OLD_DATA                         ;
+-------------------------------------------+----------------------------------+


+---------------------------------------------------------------------------------------------------------------------+
; Port Connectivity Checks: "counter:use_dw"                                                                          ;
+-----------+--------+----------+-------------------------------------------------------------------------------------+
; Port      ; Type   ; Severity ; Details                                                                             ;
+-----------+--------+----------+-------------------------------------------------------------------------------------+
; END_COUNT ; Output ; Info     ; Connected to dangling logic. Logic that only feeds a dangling port will be removed. ;
+-----------+--------+----------+-------------------------------------------------------------------------------------+


+---------------------------------------------------------------------------------------------------------------------+
; Port Connectivity Checks: "counter:counter_r"                                                                       ;
+-----------+--------+----------+-------------------------------------------------------------------------------------+
; Port      ; Type   ; Severity ; Details                                                                             ;
+-----------+--------+----------+-------------------------------------------------------------------------------------+
; END_COUNT ; Output ; Info     ; Connected to dangling logic. Logic that only feeds a dangling port will be removed. ;
; MODE      ; Input  ; Info     ; Stuck at VCC                                                                        ;
+-----------+--------+----------+-------------------------------------------------------------------------------------+


+---------------------------------------------------------------------------------------------------------------------+
; Port Connectivity Checks: "counter:counter_w"                                                                       ;
+-----------+--------+----------+-------------------------------------------------------------------------------------+
; Port      ; Type   ; Severity ; Details                                                                             ;
+-----------+--------+----------+-------------------------------------------------------------------------------------+
; END_COUNT ; Output ; Info     ; Connected to dangling logic. Logic that only feeds a dangling port will be removed. ;
; MODE      ; Input  ; Info     ; Stuck at VCC                                                                        ;
+-----------+--------+----------+-------------------------------------------------------------------------------------+


+-----------------------------------------------------+
; Post-Synthesis Netlist Statistics for Top Partition ;
+-----------------------+-----------------------------+
; Type                  ; Count                       ;
+-----------------------+-----------------------------+
; arriav_ff             ; 26                          ;
;     CLR               ; 13                          ;
;     ENA CLR           ; 5                           ;
;     SLD               ; 8                           ;
; arriav_io_obuf        ; 28                          ;
; arriav_lcell_comb     ; 31                          ;
;     extend            ; 1                           ;
;         7 data inputs ; 1                           ;
;     normal            ; 30                          ;
;         1 data inputs ; 1                           ;
;         2 data inputs ; 3                           ;
;         3 data inputs ; 7                           ;
;         4 data inputs ; 9                           ;
;         5 data inputs ; 7                           ;
;         6 data inputs ; 3                           ;
; boundary_port         ; 28                          ;
; stratixv_ram_block    ; 8                           ;
;                       ;                             ;
; Max LUT depth         ; 2.00                        ;
; Average LUT depth     ; 0.80                        ;
+-----------------------+-----------------------------+


+-------------------------------+
; Elapsed Time Per Partition    ;
+----------------+--------------+
; Partition Name ; Elapsed Time ;
+----------------+--------------+
; Top            ; 00:00:00     ;
+----------------+--------------+


+-------------------------------+
; Analysis & Synthesis Messages ;
+-------------------------------+
Info: *******************************************************************
Info: Running Quartus Prime Analysis & Synthesis
    Info: Version 17.1.0 Build 590 10/25/2017 SJ Lite Edition
    Info: Processing started: Sun Oct 10 13:34:21 2021
Info: Command: quartus_map --read_settings_files=on --write_settings_files=off FIFO_32_8 -c FIFO_32_8
Warning (18236): Number of processors has not been specified which may cause overloading on shared machines.  Set the global assignment NUM_PARALLEL_PROCESSORS in your QSF to an appropriate value for best performance.
Info (20030): Parallel compilation is enabled and will use 16 of the 16 processors detected
Info (12021): Found 2 design units, including 2 entities, in source file fifo_32_8.sv
    Info (12023): Found entity 1: FIFO_IFF File: C:/Users/Javier Presmanes/Documents/Universidad/3ro Teleco/Primer Cuatri/ISDIGI/Practicas/ISDIGI-Projects/Practica 1 - FIFO/FIFO_32_8.sv Line: 1
    Info (12023): Found entity 2: FIFO_32_8 File: C:/Users/Javier Presmanes/Documents/Universidad/3ro Teleco/Primer Cuatri/ISDIGI/Practicas/ISDIGI-Projects/Practica 1 - FIFO/FIFO_32_8.sv Line: 19
Info (12021): Found 2 design units, including 2 entities, in source file counter.sv
    Info (12023): Found entity 1: COUNTER_WIRING_IFF File: C:/Users/Javier Presmanes/Documents/Universidad/3ro Teleco/Primer Cuatri/ISDIGI/Practicas/ISDIGI-Projects/Practica 1 - FIFO/counter.sv Line: 1
    Info (12023): Found entity 2: counter File: C:/Users/Javier Presmanes/Documents/Universidad/3ro Teleco/Primer Cuatri/ISDIGI/Practicas/ISDIGI-Projects/Practica 1 - FIFO/counter.sv Line: 12
Info (12021): Found 1 design units, including 1 entities, in source file ram_dp.sv
    Info (12023): Found entity 1: RAM_DP File: C:/Users/Javier Presmanes/Documents/Universidad/3ro Teleco/Primer Cuatri/ISDIGI/Practicas/ISDIGI-Projects/Practica 1 - FIFO/RAM_DP.sv Line: 3
Info (12021): Found 1 design units, including 1 entities, in source file mux21.v
    Info (12023): Found entity 1: mux21 File: C:/Users/Javier Presmanes/Documents/Universidad/3ro Teleco/Primer Cuatri/ISDIGI/Practicas/ISDIGI-Projects/Practica 1 - FIFO/mux21.v Line: 1
Warning (10236): Verilog HDL Implicit Net warning at FIFO_32_8.sv(115): created implicit net for "ram_write_enable" File: C:/Users/Javier Presmanes/Documents/Universidad/3ro Teleco/Primer Cuatri/ISDIGI/Practicas/ISDIGI-Projects/Practica 1 - FIFO/FIFO_32_8.sv Line: 115
Info (12127): Elaborating entity "FIFO_32_8" for the top level hierarchy
Warning (10235): Verilog HDL Always Construct warning at FIFO_32_8.sv(150): variable "CLEAR_N" is read inside the Always Construct but isn't in the Always Construct's Event Control File: C:/Users/Javier Presmanes/Documents/Universidad/3ro Teleco/Primer Cuatri/ISDIGI/Practicas/ISDIGI-Projects/Practica 1 - FIFO/FIFO_32_8.sv Line: 150
Warning (10240): Verilog HDL Always Construct warning at FIFO_32_8.sv(141): inferring latch(es) for variable "output_selector", which holds its previous value in one or more paths through the always construct File: C:/Users/Javier Presmanes/Documents/Universidad/3ro Teleco/Primer Cuatri/ISDIGI/Practicas/ISDIGI-Projects/Practica 1 - FIFO/FIFO_32_8.sv Line: 141
Warning (10240): Verilog HDL Always Construct warning at FIFO_32_8.sv(141): inferring latch(es) for variable "counter_dw_mode", which holds its previous value in one or more paths through the always construct File: C:/Users/Javier Presmanes/Documents/Universidad/3ro Teleco/Primer Cuatri/ISDIGI/Practicas/ISDIGI-Projects/Practica 1 - FIFO/FIFO_32_8.sv Line: 141
Info (10041): Inferred latch for "counter_dw_mode" at FIFO_32_8.sv(141) File: C:/Users/Javier Presmanes/Documents/Universidad/3ro Teleco/Primer Cuatri/ISDIGI/Practicas/ISDIGI-Projects/Practica 1 - FIFO/FIFO_32_8.sv Line: 141
Info (10041): Inferred latch for "output_selector" at FIFO_32_8.sv(141) File: C:/Users/Javier Presmanes/Documents/Universidad/3ro Teleco/Primer Cuatri/ISDIGI/Practicas/ISDIGI-Projects/Practica 1 - FIFO/FIFO_32_8.sv Line: 141
Info (12128): Elaborating entity "mux21" for hierarchy "mux21:out_mux" File: C:/Users/Javier Presmanes/Documents/Universidad/3ro Teleco/Primer Cuatri/ISDIGI/Practicas/ISDIGI-Projects/Practica 1 - FIFO/FIFO_32_8.sv Line: 80
Info (12128): Elaborating entity "counter" for hierarchy "counter:counter_w" File: C:/Users/Javier Presmanes/Documents/Universidad/3ro Teleco/Primer Cuatri/ISDIGI/Practicas/ISDIGI-Projects/Practica 1 - FIFO/FIFO_32_8.sv Line: 92
Warning (10230): Verilog HDL assignment warning at counter.sv(46): truncated value with size 32 to match size of target (5) File: C:/Users/Javier Presmanes/Documents/Universidad/3ro Teleco/Primer Cuatri/ISDIGI/Practicas/ISDIGI-Projects/Practica 1 - FIFO/counter.sv Line: 46
Warning (10230): Verilog HDL assignment warning at counter.sv(47): truncated value with size 32 to match size of target (5) File: C:/Users/Javier Presmanes/Documents/Universidad/3ro Teleco/Primer Cuatri/ISDIGI/Practicas/ISDIGI-Projects/Practica 1 - FIFO/counter.sv Line: 47
Warning (10230): Verilog HDL assignment warning at counter.sv(50): truncated value with size 32 to match size of target (1) File: C:/Users/Javier Presmanes/Documents/Universidad/3ro Teleco/Primer Cuatri/ISDIGI/Practicas/ISDIGI-Projects/Practica 1 - FIFO/counter.sv Line: 50
Info (12128): Elaborating entity "RAM_DP" for hierarchy "RAM_DP:PILA" File: C:/Users/Javier Presmanes/Documents/Universidad/3ro Teleco/Primer Cuatri/ISDIGI/Practicas/ISDIGI-Projects/Practica 1 - FIFO/FIFO_32_8.sv Line: 125
Info (19000): Inferred 1 megafunctions from design logic
    Info (276029): Inferred altsyncram megafunction from the following design logic: "RAM_DP:PILA|mem_rtl_0" 
        Info (286033): Parameter OPERATION_MODE set to DUAL_PORT
        Info (286033): Parameter WIDTH_A set to 8
        Info (286033): Parameter WIDTHAD_A set to 5
        Info (286033): Parameter NUMWORDS_A set to 32
        Info (286033): Parameter WIDTH_B set to 8
        Info (286033): Parameter WIDTHAD_B set to 5
        Info (286033): Parameter NUMWORDS_B set to 32
        Info (286033): Parameter ADDRESS_ACLR_A set to NONE
        Info (286033): Parameter OUTDATA_REG_B set to UNREGISTERED
        Info (286033): Parameter ADDRESS_ACLR_B set to NONE
        Info (286033): Parameter OUTDATA_ACLR_B set to NONE
        Info (286033): Parameter ADDRESS_REG_B set to CLOCK0
        Info (286033): Parameter INDATA_ACLR_A set to NONE
        Info (286033): Parameter WRCONTROL_ACLR_A set to NONE
        Info (286033): Parameter READ_DURING_WRITE_MODE_MIXED_PORTS set to OLD_DATA
        Info (286033): Parameter RDCONTROL_REG_B set to CLOCK0
Info (12130): Elaborated megafunction instantiation "RAM_DP:PILA|altsyncram:mem_rtl_0"
Info (12133): Instantiated megafunction "RAM_DP:PILA|altsyncram:mem_rtl_0" with the following parameter:
    Info (12134): Parameter "OPERATION_MODE" = "DUAL_PORT"
    Info (12134): Parameter "WIDTH_A" = "8"
    Info (12134): Parameter "WIDTHAD_A" = "5"
    Info (12134): Parameter "NUMWORDS_A" = "32"
    Info (12134): Parameter "WIDTH_B" = "8"
    Info (12134): Parameter "WIDTHAD_B" = "5"
    Info (12134): Parameter "NUMWORDS_B" = "32"
    Info (12134): Parameter "ADDRESS_ACLR_A" = "NONE"
    Info (12134): Parameter "OUTDATA_REG_B" = "UNREGISTERED"
    Info (12134): Parameter "ADDRESS_ACLR_B" = "NONE"
    Info (12134): Parameter "OUTDATA_ACLR_B" = "NONE"
    Info (12134): Parameter "ADDRESS_REG_B" = "CLOCK0"
    Info (12134): Parameter "INDATA_ACLR_A" = "NONE"
    Info (12134): Parameter "WRCONTROL_ACLR_A" = "NONE"
    Info (12134): Parameter "READ_DURING_WRITE_MODE_MIXED_PORTS" = "OLD_DATA"
    Info (12134): Parameter "RDCONTROL_REG_B" = "CLOCK0"
Info (12021): Found 1 design units, including 1 entities, in source file db/altsyncram_0tp1.tdf
    Info (12023): Found entity 1: altsyncram_0tp1 File: C:/Users/Javier Presmanes/Documents/Universidad/3ro Teleco/Primer Cuatri/ISDIGI/Practicas/ISDIGI-Projects/Practica 1 - FIFO/db/altsyncram_0tp1.tdf Line: 27
Warning (13034): The following nodes have both tri-state and non-tri-state drivers
    Warning (13035): Inserted always-enabled tri-state buffer between "fifo_iff.USE_DW[0]" and its non-tri-state driver. File: C:/Users/Javier Presmanes/Documents/Universidad/3ro Teleco/Primer Cuatri/ISDIGI/Practicas/ISDIGI-Projects/Practica 1 - FIFO/FIFO_32_8.sv Line: 21
    Warning (13035): Inserted always-enabled tri-state buffer between "fifo_iff.USE_DW[1]" and its non-tri-state driver. File: C:/Users/Javier Presmanes/Documents/Universidad/3ro Teleco/Primer Cuatri/ISDIGI/Practicas/ISDIGI-Projects/Practica 1 - FIFO/FIFO_32_8.sv Line: 21
    Warning (13035): Inserted always-enabled tri-state buffer between "fifo_iff.USE_DW[2]" and its non-tri-state driver. File: C:/Users/Javier Presmanes/Documents/Universidad/3ro Teleco/Primer Cuatri/ISDIGI/Practicas/ISDIGI-Projects/Practica 1 - FIFO/FIFO_32_8.sv Line: 21
    Warning (13035): Inserted always-enabled tri-state buffer between "fifo_iff.USE_DW[3]" and its non-tri-state driver. File: C:/Users/Javier Presmanes/Documents/Universidad/3ro Teleco/Primer Cuatri/ISDIGI/Practicas/ISDIGI-Projects/Practica 1 - FIFO/FIFO_32_8.sv Line: 21
    Warning (13035): Inserted always-enabled tri-state buffer between "fifo_iff.USE_DW[4]" and its non-tri-state driver. File: C:/Users/Javier Presmanes/Documents/Universidad/3ro Teleco/Primer Cuatri/ISDIGI/Practicas/ISDIGI-Projects/Practica 1 - FIFO/FIFO_32_8.sv Line: 21
    Warning (13035): Inserted always-enabled tri-state buffer between "fifo_iff.F_EMPTY_N" and its non-tri-state driver. File: C:/Users/Javier Presmanes/Documents/Universidad/3ro Teleco/Primer Cuatri/ISDIGI/Practicas/ISDIGI-Projects/Practica 1 - FIFO/FIFO_32_8.sv Line: 21
    Warning (13035): Inserted always-enabled tri-state buffer between "fifo_iff.F_FULL_N" and its non-tri-state driver. File: C:/Users/Javier Presmanes/Documents/Universidad/3ro Teleco/Primer Cuatri/ISDIGI/Practicas/ISDIGI-Projects/Practica 1 - FIFO/FIFO_32_8.sv Line: 21
    Warning (13035): Inserted always-enabled tri-state buffer between "fifo_iff.DATA_OUT[0]" and its non-tri-state driver. File: C:/Users/Javier Presmanes/Documents/Universidad/3ro Teleco/Primer Cuatri/ISDIGI/Practicas/ISDIGI-Projects/Practica 1 - FIFO/FIFO_32_8.sv Line: 21
    Warning (13035): Inserted always-enabled tri-state buffer between "fifo_iff.DATA_OUT[1]" and its non-tri-state driver. File: C:/Users/Javier Presmanes/Documents/Universidad/3ro Teleco/Primer Cuatri/ISDIGI/Practicas/ISDIGI-Projects/Practica 1 - FIFO/FIFO_32_8.sv Line: 21
    Warning (13035): Inserted always-enabled tri-state buffer between "fifo_iff.DATA_OUT[2]" and its non-tri-state driver. File: C:/Users/Javier Presmanes/Documents/Universidad/3ro Teleco/Primer Cuatri/ISDIGI/Practicas/ISDIGI-Projects/Practica 1 - FIFO/FIFO_32_8.sv Line: 21
    Warning (13035): Inserted always-enabled tri-state buffer between "fifo_iff.DATA_OUT[3]" and its non-tri-state driver. File: C:/Users/Javier Presmanes/Documents/Universidad/3ro Teleco/Primer Cuatri/ISDIGI/Practicas/ISDIGI-Projects/Practica 1 - FIFO/FIFO_32_8.sv Line: 21
    Warning (13035): Inserted always-enabled tri-state buffer between "fifo_iff.DATA_OUT[4]" and its non-tri-state driver. File: C:/Users/Javier Presmanes/Documents/Universidad/3ro Teleco/Primer Cuatri/ISDIGI/Practicas/ISDIGI-Projects/Practica 1 - FIFO/FIFO_32_8.sv Line: 21
    Warning (13035): Inserted always-enabled tri-state buffer between "fifo_iff.DATA_OUT[5]" and its non-tri-state driver. File: C:/Users/Javier Presmanes/Documents/Universidad/3ro Teleco/Primer Cuatri/ISDIGI/Practicas/ISDIGI-Projects/Practica 1 - FIFO/FIFO_32_8.sv Line: 21
    Warning (13035): Inserted always-enabled tri-state buffer between "fifo_iff.DATA_OUT[6]" and its non-tri-state driver. File: C:/Users/Javier Presmanes/Documents/Universidad/3ro Teleco/Primer Cuatri/ISDIGI/Practicas/ISDIGI-Projects/Practica 1 - FIFO/FIFO_32_8.sv Line: 21
    Warning (13035): Inserted always-enabled tri-state buffer between "fifo_iff.DATA_OUT[7]" and its non-tri-state driver. File: C:/Users/Javier Presmanes/Documents/Universidad/3ro Teleco/Primer Cuatri/ISDIGI/Practicas/ISDIGI-Projects/Practica 1 - FIFO/FIFO_32_8.sv Line: 21
Warning (13039): The following bidirectional pins have no drivers
    Warning (13040): bidirectional pin "fifo_iff.CLK" has no driver File: C:/Users/Javier Presmanes/Documents/Universidad/3ro Teleco/Primer Cuatri/ISDIGI/Practicas/ISDIGI-Projects/Practica 1 - FIFO/FIFO_32_8.sv Line: 21
    Warning (13040): bidirectional pin "fifo_iff.RESET_N" has no driver File: C:/Users/Javier Presmanes/Documents/Universidad/3ro Teleco/Primer Cuatri/ISDIGI/Practicas/ISDIGI-Projects/Practica 1 - FIFO/FIFO_32_8.sv Line: 21
    Warning (13040): bidirectional pin "fifo_iff.CLEAR_N" has no driver File: C:/Users/Javier Presmanes/Documents/Universidad/3ro Teleco/Primer Cuatri/ISDIGI/Practicas/ISDIGI-Projects/Practica 1 - FIFO/FIFO_32_8.sv Line: 21
    Warning (13040): bidirectional pin "fifo_iff.WRITE" has no driver File: C:/Users/Javier Presmanes/Documents/Universidad/3ro Teleco/Primer Cuatri/ISDIGI/Practicas/ISDIGI-Projects/Practica 1 - FIFO/FIFO_32_8.sv Line: 21
    Warning (13040): bidirectional pin "fifo_iff.READ" has no driver File: C:/Users/Javier Presmanes/Documents/Universidad/3ro Teleco/Primer Cuatri/ISDIGI/Practicas/ISDIGI-Projects/Practica 1 - FIFO/FIFO_32_8.sv Line: 21
    Warning (13040): bidirectional pin "fifo_iff.DATA_IN[0]" has no driver File: C:/Users/Javier Presmanes/Documents/Universidad/3ro Teleco/Primer Cuatri/ISDIGI/Practicas/ISDIGI-Projects/Practica 1 - FIFO/FIFO_32_8.sv Line: 21
    Warning (13040): bidirectional pin "fifo_iff.DATA_IN[1]" has no driver File: C:/Users/Javier Presmanes/Documents/Universidad/3ro Teleco/Primer Cuatri/ISDIGI/Practicas/ISDIGI-Projects/Practica 1 - FIFO/FIFO_32_8.sv Line: 21
    Warning (13040): bidirectional pin "fifo_iff.DATA_IN[2]" has no driver File: C:/Users/Javier Presmanes/Documents/Universidad/3ro Teleco/Primer Cuatri/ISDIGI/Practicas/ISDIGI-Projects/Practica 1 - FIFO/FIFO_32_8.sv Line: 21
    Warning (13040): bidirectional pin "fifo_iff.DATA_IN[3]" has no driver File: C:/Users/Javier Presmanes/Documents/Universidad/3ro Teleco/Primer Cuatri/ISDIGI/Practicas/ISDIGI-Projects/Practica 1 - FIFO/FIFO_32_8.sv Line: 21
    Warning (13040): bidirectional pin "fifo_iff.DATA_IN[4]" has no driver File: C:/Users/Javier Presmanes/Documents/Universidad/3ro Teleco/Primer Cuatri/ISDIGI/Practicas/ISDIGI-Projects/Practica 1 - FIFO/FIFO_32_8.sv Line: 21
    Warning (13040): bidirectional pin "fifo_iff.DATA_IN[5]" has no driver File: C:/Users/Javier Presmanes/Documents/Universidad/3ro Teleco/Primer Cuatri/ISDIGI/Practicas/ISDIGI-Projects/Practica 1 - FIFO/FIFO_32_8.sv Line: 21
    Warning (13040): bidirectional pin "fifo_iff.DATA_IN[6]" has no driver File: C:/Users/Javier Presmanes/Documents/Universidad/3ro Teleco/Primer Cuatri/ISDIGI/Practicas/ISDIGI-Projects/Practica 1 - FIFO/FIFO_32_8.sv Line: 21
    Warning (13040): bidirectional pin "fifo_iff.DATA_IN[7]" has no driver File: C:/Users/Javier Presmanes/Documents/Universidad/3ro Teleco/Primer Cuatri/ISDIGI/Practicas/ISDIGI-Projects/Practica 1 - FIFO/FIFO_32_8.sv Line: 21
Info (13060): One or more bidirectional pins are fed by always enabled tri-state buffers
    Info (13061): Fan-out of permanently enabled tri-state buffer feeding bidirectional pin "fifo_iff.USE_DW[0]" is moved to its source File: C:/Users/Javier Presmanes/Documents/Universidad/3ro Teleco/Primer Cuatri/ISDIGI/Practicas/ISDIGI-Projects/Practica 1 - FIFO/FIFO_32_8.sv Line: 21
    Info (13061): Fan-out of permanently enabled tri-state buffer feeding bidirectional pin "fifo_iff.USE_DW[1]" is moved to its source File: C:/Users/Javier Presmanes/Documents/Universidad/3ro Teleco/Primer Cuatri/ISDIGI/Practicas/ISDIGI-Projects/Practica 1 - FIFO/FIFO_32_8.sv Line: 21
    Info (13061): Fan-out of permanently enabled tri-state buffer feeding bidirectional pin "fifo_iff.USE_DW[2]" is moved to its source File: C:/Users/Javier Presmanes/Documents/Universidad/3ro Teleco/Primer Cuatri/ISDIGI/Practicas/ISDIGI-Projects/Practica 1 - FIFO/FIFO_32_8.sv Line: 21
    Info (13061): Fan-out of permanently enabled tri-state buffer feeding bidirectional pin "fifo_iff.USE_DW[3]" is moved to its source File: C:/Users/Javier Presmanes/Documents/Universidad/3ro Teleco/Primer Cuatri/ISDIGI/Practicas/ISDIGI-Projects/Practica 1 - FIFO/FIFO_32_8.sv Line: 21
    Info (13061): Fan-out of permanently enabled tri-state buffer feeding bidirectional pin "fifo_iff.USE_DW[4]" is moved to its source File: C:/Users/Javier Presmanes/Documents/Universidad/3ro Teleco/Primer Cuatri/ISDIGI/Practicas/ISDIGI-Projects/Practica 1 - FIFO/FIFO_32_8.sv Line: 21
    Info (13061): Fan-out of permanently enabled tri-state buffer feeding bidirectional pin "fifo_iff.F_FULL_N" is moved to its source File: C:/Users/Javier Presmanes/Documents/Universidad/3ro Teleco/Primer Cuatri/ISDIGI/Practicas/ISDIGI-Projects/Practica 1 - FIFO/FIFO_32_8.sv Line: 21
Warning (13012): Latch counter_dw_mode has unsafe behavior File: C:/Users/Javier Presmanes/Documents/Universidad/3ro Teleco/Primer Cuatri/ISDIGI/Practicas/ISDIGI-Projects/Practica 1 - FIFO/FIFO_32_8.sv Line: 44
    Warning (13013): Ports D and ENA on the latch are fed by the same signal current_state.OTHER File: C:/Users/Javier Presmanes/Documents/Universidad/3ro Teleco/Primer Cuatri/ISDIGI/Practicas/ISDIGI-Projects/Practica 1 - FIFO/FIFO_32_8.sv Line: 27
Warning (13012): Latch output_selector has unsafe behavior File: C:/Users/Javier Presmanes/Documents/Universidad/3ro Teleco/Primer Cuatri/ISDIGI/Practicas/ISDIGI-Projects/Practica 1 - FIFO/FIFO_32_8.sv Line: 68
    Warning (13013): Ports D and ENA on the latch are fed by the same signal current_state.FULL File: C:/Users/Javier Presmanes/Documents/Universidad/3ro Teleco/Primer Cuatri/ISDIGI/Practicas/ISDIGI-Projects/Practica 1 - FIFO/FIFO_32_8.sv Line: 27
Warning (13009): TRI or OPNDRN buffers permanently enabled
    Warning (13010): Node "fifo_iff.USE_DW[0]~synth" File: C:/Users/Javier Presmanes/Documents/Universidad/3ro Teleco/Primer Cuatri/ISDIGI/Practicas/ISDIGI-Projects/Practica 1 - FIFO/FIFO_32_8.sv Line: 21
    Warning (13010): Node "fifo_iff.USE_DW[1]~synth" File: C:/Users/Javier Presmanes/Documents/Universidad/3ro Teleco/Primer Cuatri/ISDIGI/Practicas/ISDIGI-Projects/Practica 1 - FIFO/FIFO_32_8.sv Line: 21
    Warning (13010): Node "fifo_iff.USE_DW[2]~synth" File: C:/Users/Javier Presmanes/Documents/Universidad/3ro Teleco/Primer Cuatri/ISDIGI/Practicas/ISDIGI-Projects/Practica 1 - FIFO/FIFO_32_8.sv Line: 21
    Warning (13010): Node "fifo_iff.USE_DW[3]~synth" File: C:/Users/Javier Presmanes/Documents/Universidad/3ro Teleco/Primer Cuatri/ISDIGI/Practicas/ISDIGI-Projects/Practica 1 - FIFO/FIFO_32_8.sv Line: 21
    Warning (13010): Node "fifo_iff.USE_DW[4]~synth" File: C:/Users/Javier Presmanes/Documents/Universidad/3ro Teleco/Primer Cuatri/ISDIGI/Practicas/ISDIGI-Projects/Practica 1 - FIFO/FIFO_32_8.sv Line: 21
    Warning (13010): Node "fifo_iff.F_EMPTY_N~synth" File: C:/Users/Javier Presmanes/Documents/Universidad/3ro Teleco/Primer Cuatri/ISDIGI/Practicas/ISDIGI-Projects/Practica 1 - FIFO/FIFO_32_8.sv Line: 21
    Warning (13010): Node "fifo_iff.F_FULL_N~synth" File: C:/Users/Javier Presmanes/Documents/Universidad/3ro Teleco/Primer Cuatri/ISDIGI/Practicas/ISDIGI-Projects/Practica 1 - FIFO/FIFO_32_8.sv Line: 21
    Warning (13010): Node "fifo_iff.DATA_OUT[0]~synth" File: C:/Users/Javier Presmanes/Documents/Universidad/3ro Teleco/Primer Cuatri/ISDIGI/Practicas/ISDIGI-Projects/Practica 1 - FIFO/FIFO_32_8.sv Line: 21
    Warning (13010): Node "fifo_iff.DATA_OUT[1]~synth" File: C:/Users/Javier Presmanes/Documents/Universidad/3ro Teleco/Primer Cuatri/ISDIGI/Practicas/ISDIGI-Projects/Practica 1 - FIFO/FIFO_32_8.sv Line: 21
    Warning (13010): Node "fifo_iff.DATA_OUT[2]~synth" File: C:/Users/Javier Presmanes/Documents/Universidad/3ro Teleco/Primer Cuatri/ISDIGI/Practicas/ISDIGI-Projects/Practica 1 - FIFO/FIFO_32_8.sv Line: 21
    Warning (13010): Node "fifo_iff.DATA_OUT[3]~synth" File: C:/Users/Javier Presmanes/Documents/Universidad/3ro Teleco/Primer Cuatri/ISDIGI/Practicas/ISDIGI-Projects/Practica 1 - FIFO/FIFO_32_8.sv Line: 21
    Warning (13010): Node "fifo_iff.DATA_OUT[4]~synth" File: C:/Users/Javier Presmanes/Documents/Universidad/3ro Teleco/Primer Cuatri/ISDIGI/Practicas/ISDIGI-Projects/Practica 1 - FIFO/FIFO_32_8.sv Line: 21
    Warning (13010): Node "fifo_iff.DATA_OUT[5]~synth" File: C:/Users/Javier Presmanes/Documents/Universidad/3ro Teleco/Primer Cuatri/ISDIGI/Practicas/ISDIGI-Projects/Practica 1 - FIFO/FIFO_32_8.sv Line: 21
    Warning (13010): Node "fifo_iff.DATA_OUT[6]~synth" File: C:/Users/Javier Presmanes/Documents/Universidad/3ro Teleco/Primer Cuatri/ISDIGI/Practicas/ISDIGI-Projects/Practica 1 - FIFO/FIFO_32_8.sv Line: 21
    Warning (13010): Node "fifo_iff.DATA_OUT[7]~synth" File: C:/Users/Javier Presmanes/Documents/Universidad/3ro Teleco/Primer Cuatri/ISDIGI/Practicas/ISDIGI-Projects/Practica 1 - FIFO/FIFO_32_8.sv Line: 21
Info (286030): Timing-Driven Synthesis is running
Info (144001): Generated suppressed messages file C:/Users/Javier Presmanes/Documents/Universidad/3ro Teleco/Primer Cuatri/ISDIGI/Practicas/ISDIGI-Projects/Practica 1 - FIFO/output_files/FIFO_32_8.map.smsg
Info (16010): Generating hard_block partition "hard_block:auto_generated_inst"
    Info (16011): Adding 0 node(s), including 0 DDIO, 0 PLL, 0 transceiver and 0 LCELL
Info (21057): Implemented 75 device resources after synthesis - the final resource count might be different
    Info (21058): Implemented 0 input pins
    Info (21059): Implemented 0 output pins
    Info (21060): Implemented 28 bidirectional pins
    Info (21061): Implemented 39 logic cells
    Info (21064): Implemented 8 RAM segments
Info: Quartus Prime Analysis & Synthesis was successful. 0 errors, 58 warnings
    Info: Peak virtual memory: 4862 megabytes
    Info: Processing ended: Sun Oct 10 13:34:32 2021
    Info: Elapsed time: 00:00:11
    Info: Total CPU time (on all processors): 00:00:23


+------------------------------------------+
; Analysis & Synthesis Suppressed Messages ;
+------------------------------------------+
The suppressed messages can be found in C:/Users/Javier Presmanes/Documents/Universidad/3ro Teleco/Primer Cuatri/ISDIGI/Practicas/ISDIGI-Projects/Practica 1 - FIFO/output_files/FIFO_32_8.map.smsg.


